{"/Users/flobertjohnson/Documents/Mastere2/Projet_Finale_Master2_SportAndNutrition_mobileApp/mobileApp/SparkFit/MVP/sparkfit_backend/src/app.js": {"path":"/Users/flobertjohnson/Documents/Mastere2/Projet_Finale_Master2_SportAndNutrition_mobileApp/mobileApp/SparkFit/MVP/sparkfit_backend/src/app.js","statementMap":{"0":{"start":{"line":1,"column":16},"end":{"line":1,"column":34}},"1":{"start":{"line":2,"column":13},"end":{"line":2,"column":28}},"2":{"start":{"line":3,"column":15},"end":{"line":3,"column":34}},"3":{"start":{"line":4,"column":15},"end":{"line":4,"column":40}},"4":{"start":{"line":5,"column":25},"end":{"line":5,"column":51}},"5":{"start":{"line":6,"column":21},"end":{"line":6,"column":58}},"6":{"start":{"line":7,"column":25},"end":{"line":7,"column":50}},"7":{"start":{"line":8,"column":25},"end":{"line":8,"column":45}},"8":{"start":{"line":10,"column":12},"end":{"line":10,"column":21}},"9":{"start":{"line":13,"column":0},"end":{"line":13,"column":16}},"10":{"start":{"line":14,"column":0},"end":{"line":14,"column":24}},"11":{"start":{"line":17,"column":0},"end":{"line":17,"column":18}},"12":{"start":{"line":20,"column":0},"end":{"line":20,"column":18}},"13":{"start":{"line":23,"column":0},"end":{"line":23,"column":24}},"14":{"start":{"line":26,"column":0},"end":{"line":26,"column":22}},"15":{"start":{"line":29,"column":15},"end":{"line":29,"column":33}},"16":{"start":{"line":30,"column":0},"end":{"line":37,"column":5}},"17":{"start":{"line":32,"column":4},"end":{"line":32,"column":60}},"18":{"start":{"line":35,"column":4},"end":{"line":35,"column":69}},"19":{"start":{"line":36,"column":4},"end":{"line":36,"column":20}},"20":{"start":{"line":40,"column":0},"end":{"line":40,"column":21}},"21":{"start":{"line":43,"column":0},"end":{"line":48,"column":1}},"22":{"start":{"line":44,"column":15},"end":{"line":44,"column":39}},"23":{"start":{"line":45,"column":2},"end":{"line":47,"column":5}},"24":{"start":{"line":46,"column":4},"end":{"line":46,"column":65}}},"fnMap":{"0":{"name":"(anonymous_0)","decl":{"start":{"line":31,"column":8},"end":{"line":31,"column":9}},"loc":{"start":{"line":31,"column":14},"end":{"line":33,"column":3}},"line":31},"1":{"name":"(anonymous_1)","decl":{"start":{"line":34,"column":9},"end":{"line":34,"column":10}},"loc":{"start":{"line":34,"column":20},"end":{"line":37,"column":3}},"line":34},"2":{"name":"(anonymous_2)","decl":{"start":{"line":45,"column":19},"end":{"line":45,"column":20}},"loc":{"start":{"line":45,"column":25},"end":{"line":47,"column":3}},"line":45}},"branchMap":{"0":{"loc":{"start":{"line":43,"column":0},"end":{"line":48,"column":1}},"type":"if","locations":[{"start":{"line":43,"column":0},"end":{"line":48,"column":1}},{"start":{},"end":{}}],"line":43},"1":{"loc":{"start":{"line":44,"column":15},"end":{"line":44,"column":39}},"type":"binary-expr","locations":[{"start":{"line":44,"column":15},"end":{"line":44,"column":31}},{"start":{"line":44,"column":35},"end":{"line":44,"column":39}}],"line":44}},"s":{"0":0,"1":0,"2":0,"3":0,"4":0,"5":0,"6":0,"7":0,"8":0,"9":0,"10":0,"11":0,"12":0,"13":0,"14":0,"15":0,"16":0,"17":0,"18":0,"19":0,"20":0,"21":0,"22":0,"23":0,"24":0},"f":{"0":0,"1":0,"2":0},"b":{"0":[0,0],"1":[0,0]}}
,"/Users/flobertjohnson/Documents/Mastere2/Projet_Finale_Master2_SportAndNutrition_mobileApp/mobileApp/SparkFit/MVP/sparkfit_backend/src/metrics.js": {"path":"/Users/flobertjohnson/Documents/Mastere2/Projet_Finale_Master2_SportAndNutrition_mobileApp/mobileApp/SparkFit/MVP/sparkfit_backend/src/metrics.js","statementMap":{"0":{"start":{"line":1,"column":15},"end":{"line":1,"column":37}},"1":{"start":{"line":4,"column":17},"end":{"line":4,"column":38}},"2":{"start":{"line":7,"column":0},"end":{"line":11,"column":3}},"3":{"start":{"line":14,"column":23},"end":{"line":40,"column":1}},"4":{"start":{"line":43,"column":24},"end":{"line":68,"column":1}},"5":{"start":{"line":71,"column":19},"end":{"line":96,"column":1}},"6":{"start":{"line":99,"column":20},"end":{"line":123,"column":1}},"7":{"start":{"line":125,"column":0},"end":{"line":131,"column":2}}},"fnMap":{},"branchMap":{},"s":{"0":0,"1":0,"2":0,"3":0,"4":0,"5":0,"6":0,"7":0},"f":{},"b":{}}
,"/Users/flobertjohnson/Documents/Mastere2/Projet_Finale_Master2_SportAndNutrition_mobileApp/mobileApp/SparkFit/MVP/sparkfit_backend/src/postgresConnection.js": {"path":"/Users/flobertjohnson/Documents/Mastere2/Projet_Finale_Master2_SportAndNutrition_mobileApp/mobileApp/SparkFit/MVP/sparkfit_backend/src/postgresConnection.js","statementMap":{"0":{"start":{"line":1,"column":25},"end":{"line":1,"column":50}},"1":{"start":{"line":2,"column":15},"end":{"line":2,"column":40}},"2":{"start":{"line":5,"column":15},"end":{"line":11,"column":2}},"3":{"start":{"line":14,"column":0},"end":{"line":20,"column":3}},"4":{"start":{"line":16,"column":4},"end":{"line":16,"column":60}},"5":{"start":{"line":19,"column":4},"end":{"line":19,"column":66}},"6":{"start":{"line":22,"column":0},"end":{"line":22,"column":24}}},"fnMap":{"0":{"name":"(anonymous_0)","decl":{"start":{"line":15,"column":8},"end":{"line":15,"column":9}},"loc":{"start":{"line":15,"column":14},"end":{"line":17,"column":3}},"line":15},"1":{"name":"(anonymous_1)","decl":{"start":{"line":18,"column":9},"end":{"line":18,"column":10}},"loc":{"start":{"line":18,"column":18},"end":{"line":20,"column":1}},"line":18}},"branchMap":{},"s":{"0":0,"1":0,"2":0,"3":0,"4":0,"5":0,"6":0},"f":{"0":0,"1":0},"b":{}}
,"/Users/flobertjohnson/Documents/Mastere2/Projet_Finale_Master2_SportAndNutrition_mobileApp/mobileApp/SparkFit/MVP/sparkfit_backend/src/testConnection.js": {"path":"/Users/flobertjohnson/Documents/Mastere2/Projet_Finale_Master2_SportAndNutrition_mobileApp/mobileApp/SparkFit/MVP/sparkfit_backend/src/testConnection.js","statementMap":{"0":{"start":{"line":1,"column":15},"end":{"line":1,"column":46}},"1":{"start":{"line":4,"column":2},"end":{"line":28,"column":3}},"2":{"start":{"line":6,"column":4},"end":{"line":6,"column":28}},"3":{"start":{"line":7,"column":4},"end":{"line":7,"column":60}},"4":{"start":{"line":10,"column":22},"end":{"line":10,"column":47}},"5":{"start":{"line":11,"column":4},"end":{"line":11,"column":42}},"6":{"start":{"line":12,"column":4},"end":{"line":12,"column":69}},"7":{"start":{"line":15,"column":19},"end":{"line":19,"column":5}},"8":{"start":{"line":20,"column":4},"end":{"line":20,"column":69}},"9":{"start":{"line":21,"column":4},"end":{"line":21,"column":66}},"10":{"start":{"line":21,"column":28},"end":{"line":21,"column":64}},"11":{"start":{"line":24,"column":4},"end":{"line":24,"column":65}},"12":{"start":{"line":26,"column":4},"end":{"line":26,"column":31}},"13":{"start":{"line":27,"column":4},"end":{"line":27,"column":58}},"14":{"start":{"line":31,"column":0},"end":{"line":31,"column":17}}},"fnMap":{"0":{"name":"testConnection","decl":{"start":{"line":3,"column":15},"end":{"line":3,"column":29}},"loc":{"start":{"line":3,"column":32},"end":{"line":29,"column":1}},"line":3},"1":{"name":"(anonymous_1)","decl":{"start":{"line":21,"column":19},"end":{"line":21,"column":20}},"loc":{"start":{"line":21,"column":28},"end":{"line":21,"column":64}},"line":21}},"branchMap":{},"s":{"0":0,"1":0,"2":0,"3":0,"4":0,"5":0,"6":0,"7":0,"8":0,"9":0,"10":0,"11":0,"12":0,"13":0,"14":0},"f":{"0":0,"1":0},"b":{}}
,"/Users/flobertjohnson/Documents/Mastere2/Projet_Finale_Master2_SportAndNutrition_mobileApp/mobileApp/SparkFit/MVP/sparkfit_backend/src/controllers/login.controller.js": {"path":"/Users/flobertjohnson/Documents/Mastere2/Projet_Finale_Master2_SportAndNutrition_mobileApp/mobileApp/SparkFit/MVP/sparkfit_backend/src/controllers/login.controller.js","statementMap":{"0":{"start":{"line":1,"column":15},"end":{"line":1,"column":32}},"1":{"start":{"line":2,"column":12},"end":{"line":2,"column":35}},"2":{"start":{"line":3,"column":25},"end":{"line":3,"column":50}},"3":{"start":{"line":4,"column":15},"end":{"line":4,"column":33}},"4":{"start":{"line":5,"column":15},"end":{"line":5,"column":41}},"5":{"start":{"line":6,"column":24},"end":{"line":6,"column":45}},"6":{"start":{"line":9,"column":23},"end":{"line":9,"column":32}},"7":{"start":{"line":11,"column":0},"end":{"line":71,"column":2}},"8":{"start":{"line":12,"column":39},"end":{"line":12,"column":47}},"9":{"start":{"line":14,"column":4},"end":{"line":19,"column":5}},"10":{"start":{"line":15,"column":8},"end":{"line":18,"column":11}},"11":{"start":{"line":21,"column":4},"end":{"line":70,"column":5}},"12":{"start":{"line":22,"column":21},"end":{"line":24,"column":10}},"13":{"start":{"line":26,"column":8},"end":{"line":31,"column":9}},"14":{"start":{"line":27,"column":12},"end":{"line":30,"column":15}},"15":{"start":{"line":33,"column":30},"end":{"line":33,"column":75}},"16":{"start":{"line":34,"column":8},"end":{"line":39,"column":9}},"17":{"start":{"line":35,"column":12},"end":{"line":38,"column":15}},"18":{"start":{"line":42,"column":22},"end":{"line":51,"column":9}},"19":{"start":{"line":54,"column":8},"end":{"line":57,"column":9}},"20":{"start":{"line":55,"column":12},"end":{"line":55,"column":51}},"21":{"start":{"line":56,"column":12},"end":{"line":56,"column":42}},"22":{"start":{"line":59,"column":8},"end":{"line":63,"column":11}},"23":{"start":{"line":65,"column":8},"end":{"line":65,"column":26}},"24":{"start":{"line":66,"column":8},"end":{"line":69,"column":11}},"25":{"start":{"line":73,"column":0},"end":{"line":94,"column":2}},"26":{"start":{"line":74,"column":4},"end":{"line":93,"column":5}},"27":{"start":{"line":75,"column":23},"end":{"line":75,"column":39}},"28":{"start":{"line":78,"column":8},"end":{"line":81,"column":9}},"29":{"start":{"line":79,"column":12},"end":{"line":79,"column":42}},"30":{"start":{"line":80,"column":12},"end":{"line":80,"column":42}},"31":{"start":{"line":83,"column":8},"end":{"line":86,"column":11}},"32":{"start":{"line":88,"column":8},"end":{"line":88,"column":26}},"33":{"start":{"line":89,"column":8},"end":{"line":92,"column":11}},"34":{"start":{"line":97,"column":24},"end":{"line":105,"column":17}},"35":{"start":{"line":98,"column":16},"end":{"line":98,"column":26}},"36":{"start":{"line":99,"column":4},"end":{"line":104,"column":7}},"37":{"start":{"line":100,"column":8},"end":{"line":103,"column":9}},"38":{"start":{"line":101,"column":12},"end":{"line":101,"column":42}},"39":{"start":{"line":102,"column":12},"end":{"line":102,"column":42}},"40":{"start":{"line":108,"column":0},"end":{"line":108,"column":42}}},"fnMap":{"0":{"name":"(anonymous_0)","decl":{"start":{"line":11,"column":16},"end":{"line":11,"column":17}},"loc":{"start":{"line":11,"column":36},"end":{"line":71,"column":1}},"line":11},"1":{"name":"(anonymous_1)","decl":{"start":{"line":73,"column":17},"end":{"line":73,"column":18}},"loc":{"start":{"line":73,"column":37},"end":{"line":94,"column":1}},"line":73},"2":{"name":"(anonymous_2)","decl":{"start":{"line":97,"column":36},"end":{"line":97,"column":37}},"loc":{"start":{"line":97,"column":42},"end":{"line":105,"column":1}},"line":97},"3":{"name":"(anonymous_3)","decl":{"start":{"line":99,"column":27},"end":{"line":99,"column":28}},"loc":{"start":{"line":99,"column":50},"end":{"line":104,"column":5}},"line":99}},"branchMap":{"0":{"loc":{"start":{"line":14,"column":4},"end":{"line":19,"column":5}},"type":"if","locations":[{"start":{"line":14,"column":4},"end":{"line":19,"column":5}},{"start":{},"end":{}}],"line":14},"1":{"loc":{"start":{"line":14,"column":8},"end":{"line":14,"column":38}},"type":"binary-expr","locations":[{"start":{"line":14,"column":8},"end":{"line":14,"column":17}},{"start":{"line":14,"column":21},"end":{"line":14,"column":38}}],"line":14},"2":{"loc":{"start":{"line":14,"column":23},"end":{"line":14,"column":37}},"type":"binary-expr","locations":[{"start":{"line":14,"column":23},"end":{"line":14,"column":28}},{"start":{"line":14,"column":32},"end":{"line":14,"column":37}}],"line":14},"3":{"loc":{"start":{"line":26,"column":8},"end":{"line":31,"column":9}},"type":"if","locations":[{"start":{"line":26,"column":8},"end":{"line":31,"column":9}},{"start":{},"end":{}}],"line":26},"4":{"loc":{"start":{"line":34,"column":8},"end":{"line":39,"column":9}},"type":"if","locations":[{"start":{"line":34,"column":8},"end":{"line":39,"column":9}},{"start":{},"end":{}}],"line":34},"5":{"loc":{"start":{"line":54,"column":8},"end":{"line":57,"column":9}},"type":"if","locations":[{"start":{"line":54,"column":8},"end":{"line":57,"column":9}},{"start":{},"end":{}}],"line":54},"6":{"loc":{"start":{"line":68,"column":21},"end":{"line":68,"column":56}},"type":"binary-expr","locations":[{"start":{"line":68,"column":21},"end":{"line":68,"column":32}},{"start":{"line":68,"column":36},"end":{"line":68,"column":56}}],"line":68},"7":{"loc":{"start":{"line":78,"column":8},"end":{"line":81,"column":9}},"type":"if","locations":[{"start":{"line":78,"column":8},"end":{"line":81,"column":9}},{"start":{},"end":{}}],"line":78},"8":{"loc":{"start":{"line":100,"column":8},"end":{"line":103,"column":9}},"type":"if","locations":[{"start":{"line":100,"column":8},"end":{"line":103,"column":9}},{"start":{},"end":{}}],"line":100}},"s":{"0":0,"1":0,"2":0,"3":0,"4":0,"5":0,"6":0,"7":0,"8":0,"9":0,"10":0,"11":0,"12":0,"13":0,"14":0,"15":0,"16":0,"17":0,"18":0,"19":0,"20":0,"21":0,"22":0,"23":0,"24":0,"25":0,"26":0,"27":0,"28":0,"29":0,"30":0,"31":0,"32":0,"33":0,"34":0,"35":0,"36":0,"37":0,"38":0,"39":0,"40":0},"f":{"0":0,"1":0,"2":0,"3":0},"b":{"0":[0,0],"1":[0,0],"2":[0,0],"3":[0,0],"4":[0,0],"5":[0,0],"6":[0,0],"7":[0,0],"8":[0,0]}}
,"/Users/flobertjohnson/Documents/Mastere2/Projet_Finale_Master2_SportAndNutrition_mobileApp/mobileApp/SparkFit/MVP/sparkfit_backend/src/controllers/profile.controller.js": {"path":"/Users/flobertjohnson/Documents/Mastere2/Projet_Finale_Master2_SportAndNutrition_mobileApp/mobileApp/SparkFit/MVP/sparkfit_backend/src/controllers/profile.controller.js","statementMap":{"0":{"start":{"line":1,"column":25},"end":{"line":1,"column":50}},"1":{"start":{"line":2,"column":15},"end":{"line":2,"column":33}},"2":{"start":{"line":4,"column":0},"end":{"line":42,"column":2}},"3":{"start":{"line":5,"column":2},"end":{"line":41,"column":3}},"4":{"start":{"line":6,"column":23},"end":{"line":6,"column":33}},"5":{"start":{"line":7,"column":15},"end":{"line":7,"column":21}},"6":{"start":{"line":8,"column":24},"end":{"line":8,"column":40}},"7":{"start":{"line":9,"column":4},"end":{"line":14,"column":5}},"8":{"start":{"line":10,"column":6},"end":{"line":13,"column":9}},"9":{"start":{"line":15,"column":2},"end":{"line":20,"column":3}},"10":{"start":{"line":16,"column":4},"end":{"line":19,"column":7}},"11":{"start":{"line":21,"column":24},"end":{"line":23,"column":6}},"12":{"start":{"line":24,"column":4},"end":{"line":29,"column":3}},"13":{"start":{"line":25,"column":6},"end":{"line":28,"column":9}},"14":{"start":{"line":30,"column":6},"end":{"line":34,"column":9}},"15":{"start":{"line":37,"column":4},"end":{"line":40,"column":7}},"16":{"start":{"line":44,"column":0},"end":{"line":83,"column":2}},"17":{"start":{"line":45,"column":21},"end":{"line":45,"column":31}},"18":{"start":{"line":46,"column":13},"end":{"line":46,"column":19}},"19":{"start":{"line":47,"column":22},"end":{"line":47,"column":38}},"20":{"start":{"line":48,"column":72},"end":{"line":48,"column":80}},"21":{"start":{"line":49,"column":2},"end":{"line":82,"column":3}},"22":{"start":{"line":50,"column":4},"end":{"line":55,"column":5}},"23":{"start":{"line":51,"column":6},"end":{"line":54,"column":9}},"24":{"start":{"line":56,"column":4},"end":{"line":61,"column":5}},"25":{"start":{"line":57,"column":6},"end":{"line":60,"column":9}},"26":{"start":{"line":62,"column":33},"end":{"line":65,"column":8}},"27":{"start":{"line":66,"column":6},"end":{"line":71,"column":7}},"28":{"start":{"line":67,"column":8},"end":{"line":70,"column":11}},"29":{"start":{"line":72,"column":6},"end":{"line":76,"column":9}},"30":{"start":{"line":78,"column":4},"end":{"line":81,"column":7}},"31":{"start":{"line":85,"column":0},"end":{"line":122,"column":2}},"32":{"start":{"line":86,"column":21},"end":{"line":86,"column":31}},"33":{"start":{"line":87,"column":13},"end":{"line":87,"column":19}},"34":{"start":{"line":88,"column":22},"end":{"line":88,"column":38}},"35":{"start":{"line":89,"column":2},"end":{"line":94,"column":3}},"36":{"start":{"line":90,"column":4},"end":{"line":93,"column":7}},"37":{"start":{"line":95,"column":2},"end":{"line":100,"column":3}},"38":{"start":{"line":96,"column":4},"end":{"line":99,"column":7}},"39":{"start":{"line":101,"column":4},"end":{"line":121,"column":3}},"40":{"start":{"line":102,"column":33},"end":{"line":104,"column":8}},"41":{"start":{"line":105,"column":6},"end":{"line":110,"column":5}},"42":{"start":{"line":106,"column":8},"end":{"line":109,"column":11}},"43":{"start":{"line":111,"column":6},"end":{"line":115,"column":9}},"44":{"start":{"line":117,"column":4},"end":{"line":120,"column":7}}},"fnMap":{"0":{"name":"(anonymous_0)","decl":{"start":{"line":4,"column":25},"end":{"line":4,"column":26}},"loc":{"start":{"line":4,"column":51},"end":{"line":42,"column":1}},"line":4},"1":{"name":"(anonymous_1)","decl":{"start":{"line":44,"column":28},"end":{"line":44,"column":29}},"loc":{"start":{"line":44,"column":54},"end":{"line":83,"column":1}},"line":44},"2":{"name":"(anonymous_2)","decl":{"start":{"line":85,"column":28},"end":{"line":85,"column":29}},"loc":{"start":{"line":85,"column":54},"end":{"line":122,"column":1}},"line":85}},"branchMap":{"0":{"loc":{"start":{"line":9,"column":4},"end":{"line":14,"column":5}},"type":"if","locations":[{"start":{"line":9,"column":4},"end":{"line":14,"column":5}},{"start":{},"end":{}}],"line":9},"1":{"loc":{"start":{"line":9,"column":8},"end":{"line":9,"column":27}},"type":"binary-expr","locations":[{"start":{"line":9,"column":8},"end":{"line":9,"column":11}},{"start":{"line":9,"column":15},"end":{"line":9,"column":27}}],"line":9},"2":{"loc":{"start":{"line":15,"column":2},"end":{"line":20,"column":3}},"type":"if","locations":[{"start":{"line":15,"column":2},"end":{"line":20,"column":3}},{"start":{},"end":{}}],"line":15},"3":{"loc":{"start":{"line":15,"column":6},"end":{"line":15,"column":59}},"type":"binary-expr","locations":[{"start":{"line":15,"column":6},"end":{"line":15,"column":28}},{"start":{"line":15,"column":32},"end":{"line":15,"column":59}}],"line":15},"4":{"loc":{"start":{"line":24,"column":4},"end":{"line":29,"column":3}},"type":"if","locations":[{"start":{"line":24,"column":4},"end":{"line":29,"column":3}},{"start":{},"end":{}}],"line":24},"5":{"loc":{"start":{"line":39,"column":15},"end":{"line":39,"column":43}},"type":"binary-expr","locations":[{"start":{"line":39,"column":15},"end":{"line":39,"column":26}},{"start":{"line":39,"column":30},"end":{"line":39,"column":43}}],"line":39},"6":{"loc":{"start":{"line":50,"column":4},"end":{"line":55,"column":5}},"type":"if","locations":[{"start":{"line":50,"column":4},"end":{"line":55,"column":5}},{"start":{},"end":{}}],"line":50},"7":{"loc":{"start":{"line":50,"column":8},"end":{"line":50,"column":40}},"type":"binary-expr","locations":[{"start":{"line":50,"column":8},"end":{"line":50,"column":11}},{"start":{"line":50,"column":15},"end":{"line":50,"column":27}},{"start":{"line":50,"column":31},"end":{"line":50,"column":40}}],"line":50},"8":{"loc":{"start":{"line":56,"column":4},"end":{"line":61,"column":5}},"type":"if","locations":[{"start":{"line":56,"column":4},"end":{"line":61,"column":5}},{"start":{},"end":{}}],"line":56},"9":{"loc":{"start":{"line":56,"column":8},"end":{"line":56,"column":61}},"type":"binary-expr","locations":[{"start":{"line":56,"column":8},"end":{"line":56,"column":30}},{"start":{"line":56,"column":34},"end":{"line":56,"column":61}}],"line":56},"10":{"loc":{"start":{"line":66,"column":6},"end":{"line":71,"column":7}},"type":"if","locations":[{"start":{"line":66,"column":6},"end":{"line":71,"column":7}},{"start":{},"end":{}}],"line":66},"11":{"loc":{"start":{"line":80,"column":15},"end":{"line":80,"column":43}},"type":"binary-expr","locations":[{"start":{"line":80,"column":15},"end":{"line":80,"column":26}},{"start":{"line":80,"column":30},"end":{"line":80,"column":43}}],"line":80},"12":{"loc":{"start":{"line":89,"column":2},"end":{"line":94,"column":3}},"type":"if","locations":[{"start":{"line":89,"column":2},"end":{"line":94,"column":3}},{"start":{},"end":{}}],"line":89},"13":{"loc":{"start":{"line":89,"column":6},"end":{"line":89,"column":25}},"type":"binary-expr","locations":[{"start":{"line":89,"column":6},"end":{"line":89,"column":9}},{"start":{"line":89,"column":13},"end":{"line":89,"column":25}}],"line":89},"14":{"loc":{"start":{"line":95,"column":2},"end":{"line":100,"column":3}},"type":"if","locations":[{"start":{"line":95,"column":2},"end":{"line":100,"column":3}},{"start":{},"end":{}}],"line":95},"15":{"loc":{"start":{"line":95,"column":6},"end":{"line":95,"column":59}},"type":"binary-expr","locations":[{"start":{"line":95,"column":6},"end":{"line":95,"column":28}},{"start":{"line":95,"column":32},"end":{"line":95,"column":59}}],"line":95},"16":{"loc":{"start":{"line":105,"column":6},"end":{"line":110,"column":5}},"type":"if","locations":[{"start":{"line":105,"column":6},"end":{"line":110,"column":5}},{"start":{},"end":{}}],"line":105},"17":{"loc":{"start":{"line":119,"column":15},"end":{"line":119,"column":43}},"type":"binary-expr","locations":[{"start":{"line":119,"column":15},"end":{"line":119,"column":26}},{"start":{"line":119,"column":30},"end":{"line":119,"column":43}}],"line":119}},"s":{"0":0,"1":0,"2":0,"3":0,"4":0,"5":0,"6":0,"7":0,"8":0,"9":0,"10":0,"11":0,"12":0,"13":0,"14":0,"15":0,"16":0,"17":0,"18":0,"19":0,"20":0,"21":0,"22":0,"23":0,"24":0,"25":0,"26":0,"27":0,"28":0,"29":0,"30":0,"31":0,"32":0,"33":0,"34":0,"35":0,"36":0,"37":0,"38":0,"39":0,"40":0,"41":0,"42":0,"43":0,"44":0},"f":{"0":0,"1":0,"2":0},"b":{"0":[0,0],"1":[0,0],"2":[0,0],"3":[0,0],"4":[0,0],"5":[0,0],"6":[0,0],"7":[0,0,0],"8":[0,0],"9":[0,0],"10":[0,0],"11":[0,0],"12":[0,0],"13":[0,0],"14":[0,0],"15":[0,0],"16":[0,0],"17":[0,0]}}
,"/Users/flobertjohnson/Documents/Mastere2/Projet_Finale_Master2_SportAndNutrition_mobileApp/mobileApp/SparkFit/MVP/sparkfit_backend/src/controllers/register.controller.js": {"path":"/Users/flobertjohnson/Documents/Mastere2/Projet_Finale_Master2_SportAndNutrition_mobileApp/mobileApp/SparkFit/MVP/sparkfit_backend/src/controllers/register.controller.js","statementMap":{"0":{"start":{"line":1,"column":15},"end":{"line":1,"column":32}},"1":{"start":{"line":2,"column":25},"end":{"line":2,"column":50}},"2":{"start":{"line":3,"column":15},"end":{"line":3,"column":33}},"3":{"start":{"line":4,"column":19},"end":{"line":4,"column":21}},"4":{"start":{"line":7,"column":4},"end":{"line":13,"column":5}},"5":{"start":{"line":8,"column":21},"end":{"line":8,"column":53}},"6":{"start":{"line":9,"column":31},"end":{"line":9,"column":64}},"7":{"start":{"line":10,"column":8},"end":{"line":10,"column":30}},"8":{"start":{"line":12,"column":8},"end":{"line":12,"column":20}},"9":{"start":{"line":16,"column":0},"end":{"line":100,"column":2}},"10":{"start":{"line":17,"column":86},"end":{"line":17,"column":94}},"11":{"start":{"line":19,"column":4},"end":{"line":24,"column":5}},"12":{"start":{"line":20,"column":8},"end":{"line":23,"column":11}},"13":{"start":{"line":26,"column":4},"end":{"line":99,"column":5}},"14":{"start":{"line":28,"column":33},"end":{"line":30,"column":10}},"15":{"start":{"line":32,"column":8},"end":{"line":37,"column":9}},"16":{"start":{"line":33,"column":12},"end":{"line":36,"column":15}},"17":{"start":{"line":39,"column":8},"end":{"line":51,"column":9}},"18":{"start":{"line":40,"column":40},"end":{"line":42,"column":14}},"19":{"start":{"line":44,"column":12},"end":{"line":50,"column":13}},"20":{"start":{"line":45,"column":16},"end":{"line":49,"column":19}},"21":{"start":{"line":53,"column":8},"end":{"line":65,"column":9}},"22":{"start":{"line":54,"column":40},"end":{"line":56,"column":14}},"23":{"start":{"line":58,"column":12},"end":{"line":64,"column":13}},"24":{"start":{"line":59,"column":16},"end":{"line":63,"column":19}},"25":{"start":{"line":68,"column":24},"end":{"line":83,"column":10}},"26":{"start":{"line":86,"column":56},"end":{"line":86,"column":63}},"27":{"start":{"line":88,"column":8},"end":{"line":92,"column":11}},"28":{"start":{"line":94,"column":8},"end":{"line":94,"column":50}},"29":{"start":{"line":95,"column":8},"end":{"line":98,"column":11}}},"fnMap":{"0":{"name":"hashPassword","decl":{"start":{"line":6,"column":15},"end":{"line":6,"column":27}},"loc":{"start":{"line":6,"column":38},"end":{"line":14,"column":1}},"line":6},"1":{"name":"(anonymous_1)","decl":{"start":{"line":16,"column":19},"end":{"line":16,"column":20}},"loc":{"start":{"line":16,"column":45},"end":{"line":100,"column":1}},"line":16}},"branchMap":{"0":{"loc":{"start":{"line":19,"column":4},"end":{"line":24,"column":5}},"type":"if","locations":[{"start":{"line":19,"column":4},"end":{"line":24,"column":5}},{"start":{},"end":{}}],"line":19},"1":{"loc":{"start":{"line":19,"column":8},"end":{"line":19,"column":52}},"type":"binary-expr","locations":[{"start":{"line":19,"column":8},"end":{"line":19,"column":17}},{"start":{"line":19,"column":21},"end":{"line":19,"column":30}},{"start":{"line":19,"column":35},"end":{"line":19,"column":41}},{"start":{"line":19,"column":45},"end":{"line":19,"column":51}}],"line":19},"2":{"loc":{"start":{"line":32,"column":8},"end":{"line":37,"column":9}},"type":"if","locations":[{"start":{"line":32,"column":8},"end":{"line":37,"column":9}},{"start":{},"end":{}}],"line":32},"3":{"loc":{"start":{"line":39,"column":8},"end":{"line":51,"column":9}},"type":"if","locations":[{"start":{"line":39,"column":8},"end":{"line":51,"column":9}},{"start":{},"end":{}}],"line":39},"4":{"loc":{"start":{"line":44,"column":12},"end":{"line":50,"column":13}},"type":"if","locations":[{"start":{"line":44,"column":12},"end":{"line":50,"column":13}},{"start":{},"end":{}}],"line":44},"5":{"loc":{"start":{"line":53,"column":8},"end":{"line":65,"column":9}},"type":"if","locations":[{"start":{"line":53,"column":8},"end":{"line":65,"column":9}},{"start":{},"end":{}}],"line":53},"6":{"loc":{"start":{"line":58,"column":12},"end":{"line":64,"column":13}},"type":"if","locations":[{"start":{"line":58,"column":12},"end":{"line":64,"column":13}},{"start":{},"end":{}}],"line":58},"7":{"loc":{"start":{"line":71,"column":23},"end":{"line":71,"column":36}},"type":"binary-expr","locations":[{"start":{"line":71,"column":23},"end":{"line":71,"column":28}},{"start":{"line":71,"column":32},"end":{"line":71,"column":36}}],"line":71},"8":{"loc":{"start":{"line":73,"column":23},"end":{"line":73,"column":36}},"type":"binary-expr","locations":[{"start":{"line":73,"column":23},"end":{"line":73,"column":28}},{"start":{"line":73,"column":32},"end":{"line":73,"column":36}}],"line":73},"9":{"loc":{"start":{"line":74,"column":27},"end":{"line":74,"column":46}},"type":"binary-expr","locations":[{"start":{"line":74,"column":27},"end":{"line":74,"column":36}},{"start":{"line":74,"column":40},"end":{"line":74,"column":46}}],"line":74},"10":{"loc":{"start":{"line":75,"column":33},"end":{"line":75,"column":56}},"type":"binary-expr","locations":[{"start":{"line":75,"column":33},"end":{"line":75,"column":48}},{"start":{"line":75,"column":52},"end":{"line":75,"column":56}}],"line":75},"11":{"loc":{"start":{"line":77,"column":28},"end":{"line":77,"column":41}},"type":"binary-expr","locations":[{"start":{"line":77,"column":28},"end":{"line":77,"column":35}},{"start":{"line":77,"column":39},"end":{"line":77,"column":41}}],"line":77},"12":{"loc":{"start":{"line":97,"column":21},"end":{"line":97,"column":63}},"type":"binary-expr","locations":[{"start":{"line":97,"column":21},"end":{"line":97,"column":32}},{"start":{"line":97,"column":36},"end":{"line":97,"column":63}}],"line":97}},"s":{"0":0,"1":0,"2":0,"3":0,"4":0,"5":0,"6":0,"7":0,"8":0,"9":0,"10":0,"11":0,"12":0,"13":0,"14":0,"15":0,"16":0,"17":0,"18":0,"19":0,"20":0,"21":0,"22":0,"23":0,"24":0,"25":0,"26":0,"27":0,"28":0,"29":0},"f":{"0":0,"1":0},"b":{"0":[0,0],"1":[0,0,0,0],"2":[0,0],"3":[0,0],"4":[0,0],"5":[0,0],"6":[0,0],"7":[0,0],"8":[0,0],"9":[0,0],"10":[0,0],"11":[0,0],"12":[0,0]}}
,"/Users/flobertjohnson/Documents/Mastere2/Projet_Finale_Master2_SportAndNutrition_mobileApp/mobileApp/SparkFit/MVP/sparkfit_backend/src/controllers/user.controller.js": {"path":"/Users/flobertjohnson/Documents/Mastere2/Projet_Finale_Master2_SportAndNutrition_mobileApp/mobileApp/SparkFit/MVP/sparkfit_backend/src/controllers/user.controller.js","statementMap":{"0":{"start":{"line":1,"column":25},"end":{"line":1,"column":50}},"1":{"start":{"line":2,"column":15},"end":{"line":2,"column":33}},"2":{"start":{"line":4,"column":0},"end":{"line":36,"column":1}},"3":{"start":{"line":5,"column":2},"end":{"line":10,"column":3}},"4":{"start":{"line":6,"column":4},"end":{"line":9,"column":7}},"5":{"start":{"line":11,"column":2},"end":{"line":35,"column":1}},"6":{"start":{"line":12,"column":21},"end":{"line":18,"column":6}},"7":{"start":{"line":19,"column":4},"end":{"line":24,"column":5}},"8":{"start":{"line":20,"column":8},"end":{"line":23,"column":11}},"9":{"start":{"line":25,"column":4},"end":{"line":29,"column":7}},"10":{"start":{"line":31,"column":4},"end":{"line":34,"column":7}},"11":{"start":{"line":38,"column":0},"end":{"line":79,"column":2}},"12":{"start":{"line":39,"column":2},"end":{"line":78,"column":3}},"13":{"start":{"line":40,"column":19},"end":{"line":40,"column":29}},"14":{"start":{"line":41,"column":24},"end":{"line":41,"column":40}},"15":{"start":{"line":42,"column":4},"end":{"line":47,"column":5}},"16":{"start":{"line":43,"column":6},"end":{"line":46,"column":9}},"17":{"start":{"line":48,"column":2},"end":{"line":53,"column":3}},"18":{"start":{"line":49,"column":4},"end":{"line":52,"column":7}},"19":{"start":{"line":54,"column":17},"end":{"line":60,"column":6}},"20":{"start":{"line":61,"column":4},"end":{"line":66,"column":3}},"21":{"start":{"line":62,"column":6},"end":{"line":65,"column":9}},"22":{"start":{"line":67,"column":6},"end":{"line":71,"column":9}},"23":{"start":{"line":74,"column":4},"end":{"line":77,"column":7}},"24":{"start":{"line":81,"column":0},"end":{"line":180,"column":2}},"25":{"start":{"line":82,"column":2},"end":{"line":179,"column":3}},"26":{"start":{"line":83,"column":19},"end":{"line":83,"column":29}},"27":{"start":{"line":84,"column":24},"end":{"line":84,"column":40}},"28":{"start":{"line":85,"column":85},"end":{"line":85,"column":93}},"29":{"start":{"line":86,"column":30},"end":{"line":86,"column":34}},"30":{"start":{"line":87,"column":30},"end":{"line":87,"column":34}},"31":{"start":{"line":88,"column":27},"end":{"line":88,"column":31}},"32":{"start":{"line":89,"column":4},"end":{"line":89,"column":25}},"33":{"start":{"line":90,"column":4},"end":{"line":90,"column":30}},"34":{"start":{"line":92,"column":4},"end":{"line":97,"column":5}},"35":{"start":{"line":93,"column":6},"end":{"line":96,"column":9}},"36":{"start":{"line":99,"column":4},"end":{"line":104,"column":5}},"37":{"start":{"line":100,"column":6},"end":{"line":103,"column":9}},"38":{"start":{"line":105,"column":4},"end":{"line":109,"column":5}},"39":{"start":{"line":106,"column":6},"end":{"line":108,"column":9}},"40":{"start":{"line":111,"column":4},"end":{"line":115,"column":5}},"41":{"start":{"line":112,"column":6},"end":{"line":114,"column":9}},"42":{"start":{"line":117,"column":4},"end":{"line":119,"column":7}},"43":{"start":{"line":120,"column":4},"end":{"line":120,"column":119}},"44":{"start":{"line":120,"column":52},"end":{"line":120,"column":119}},"45":{"start":{"line":121,"column":4},"end":{"line":127,"column":5}},"46":{"start":{"line":122,"column":6},"end":{"line":126,"column":9}},"47":{"start":{"line":130,"column":23},"end":{"line":135,"column":5}},"48":{"start":{"line":138,"column":4},"end":{"line":144,"column":5}},"49":{"start":{"line":139,"column":6},"end":{"line":143,"column":8}},"50":{"start":{"line":147,"column":4},"end":{"line":153,"column":5}},"51":{"start":{"line":148,"column":6},"end":{"line":152,"column":8}},"52":{"start":{"line":155,"column":26},"end":{"line":162,"column":8}},"53":{"start":{"line":163,"column":6},"end":{"line":168,"column":7}},"54":{"start":{"line":164,"column":8},"end":{"line":167,"column":11}},"55":{"start":{"line":169,"column":6},"end":{"line":173,"column":9}},"56":{"start":{"line":175,"column":4},"end":{"line":178,"column":7}},"57":{"start":{"line":182,"column":0},"end":{"line":226,"column":2}},"58":{"start":{"line":183,"column":17},"end":{"line":183,"column":27}},"59":{"start":{"line":184,"column":22},"end":{"line":184,"column":38}},"60":{"start":{"line":185,"column":4},"end":{"line":190,"column":5}},"61":{"start":{"line":186,"column":6},"end":{"line":189,"column":9}},"62":{"start":{"line":191,"column":4},"end":{"line":196,"column":5}},"63":{"start":{"line":192,"column":6},"end":{"line":195,"column":9}},"64":{"start":{"line":197,"column":4},"end":{"line":225,"column":3}},"65":{"start":{"line":198,"column":34},"end":{"line":200,"column":8}},"66":{"start":{"line":201,"column":33},"end":{"line":203,"column":8}},"67":{"start":{"line":204,"column":26},"end":{"line":206,"column":8}},"68":{"start":{"line":207,"column":6},"end":{"line":212,"column":5}},"69":{"start":{"line":208,"column":8},"end":{"line":211,"column":11}},"70":{"start":{"line":213,"column":6},"end":{"line":219,"column":9}},"71":{"start":{"line":221,"column":6},"end":{"line":224,"column":9}},"72":{"start":{"line":228,"column":0},"end":{"line":263,"column":2}},"73":{"start":{"line":229,"column":2},"end":{"line":262,"column":3}},"74":{"start":{"line":230,"column":17},"end":{"line":230,"column":33}},"75":{"start":{"line":231,"column":6},"end":{"line":236,"column":7}},"76":{"start":{"line":232,"column":10},"end":{"line":235,"column":13}},"77":{"start":{"line":237,"column":6},"end":{"line":237,"column":21}},"78":{"start":{"line":238,"column":19},"end":{"line":244,"column":8}},"79":{"start":{"line":245,"column":6},"end":{"line":250,"column":7}},"80":{"start":{"line":246,"column":10},"end":{"line":249,"column":13}},"81":{"start":{"line":252,"column":6},"end":{"line":256,"column":9}},"82":{"start":{"line":258,"column":4},"end":{"line":261,"column":7}}},"fnMap":{"0":{"name":"(anonymous_0)","decl":{"start":{"line":4,"column":22},"end":{"line":4,"column":23}},"loc":{"start":{"line":4,"column":48},"end":{"line":36,"column":1}},"line":4},"1":{"name":"(anonymous_1)","decl":{"start":{"line":38,"column":18},"end":{"line":38,"column":19}},"loc":{"start":{"line":38,"column":44},"end":{"line":79,"column":1}},"line":38},"2":{"name":"(anonymous_2)","decl":{"start":{"line":81,"column":21},"end":{"line":81,"column":22}},"loc":{"start":{"line":81,"column":47},"end":{"line":180,"column":1}},"line":81},"3":{"name":"(anonymous_3)","decl":{"start":{"line":182,"column":21},"end":{"line":182,"column":22}},"loc":{"start":{"line":182,"column":47},"end":{"line":226,"column":1}},"line":182},"4":{"name":"(anonymous_4)","decl":{"start":{"line":228,"column":16},"end":{"line":228,"column":17}},"loc":{"start":{"line":228,"column":42},"end":{"line":263,"column":1}},"line":228}},"branchMap":{"0":{"loc":{"start":{"line":5,"column":2},"end":{"line":10,"column":3}},"type":"if","locations":[{"start":{"line":5,"column":2},"end":{"line":10,"column":3}},{"start":{},"end":{}}],"line":5},"1":{"loc":{"start":{"line":19,"column":4},"end":{"line":24,"column":5}},"type":"if","locations":[{"start":{"line":19,"column":4},"end":{"line":24,"column":5}},{"start":{},"end":{}}],"line":19},"2":{"loc":{"start":{"line":33,"column":15},"end":{"line":33,"column":43}},"type":"binary-expr","locations":[{"start":{"line":33,"column":15},"end":{"line":33,"column":26}},{"start":{"line":33,"column":30},"end":{"line":33,"column":43}}],"line":33},"3":{"loc":{"start":{"line":42,"column":4},"end":{"line":47,"column":5}},"type":"if","locations":[{"start":{"line":42,"column":4},"end":{"line":47,"column":5}},{"start":{},"end":{}}],"line":42},"4":{"loc":{"start":{"line":42,"column":8},"end":{"line":42,"column":27}},"type":"binary-expr","locations":[{"start":{"line":42,"column":8},"end":{"line":42,"column":11}},{"start":{"line":42,"column":15},"end":{"line":42,"column":27}}],"line":42},"5":{"loc":{"start":{"line":48,"column":2},"end":{"line":53,"column":3}},"type":"if","locations":[{"start":{"line":48,"column":2},"end":{"line":53,"column":3}},{"start":{},"end":{}}],"line":48},"6":{"loc":{"start":{"line":48,"column":6},"end":{"line":48,"column":59}},"type":"binary-expr","locations":[{"start":{"line":48,"column":6},"end":{"line":48,"column":28}},{"start":{"line":48,"column":32},"end":{"line":48,"column":59}}],"line":48},"7":{"loc":{"start":{"line":61,"column":4},"end":{"line":66,"column":3}},"type":"if","locations":[{"start":{"line":61,"column":4},"end":{"line":66,"column":3}},{"start":{},"end":{}}],"line":61},"8":{"loc":{"start":{"line":76,"column":15},"end":{"line":76,"column":43}},"type":"binary-expr","locations":[{"start":{"line":76,"column":15},"end":{"line":76,"column":26}},{"start":{"line":76,"column":30},"end":{"line":76,"column":43}}],"line":76},"9":{"loc":{"start":{"line":92,"column":4},"end":{"line":97,"column":5}},"type":"if","locations":[{"start":{"line":92,"column":4},"end":{"line":97,"column":5}},{"start":{},"end":{}}],"line":92},"10":{"loc":{"start":{"line":92,"column":8},"end":{"line":92,"column":40}},"type":"binary-expr","locations":[{"start":{"line":92,"column":8},"end":{"line":92,"column":11}},{"start":{"line":92,"column":15},"end":{"line":92,"column":27}},{"start":{"line":92,"column":31},"end":{"line":92,"column":40}}],"line":92},"11":{"loc":{"start":{"line":99,"column":4},"end":{"line":104,"column":5}},"type":"if","locations":[{"start":{"line":99,"column":4},"end":{"line":104,"column":5}},{"start":{},"end":{}}],"line":99},"12":{"loc":{"start":{"line":99,"column":8},"end":{"line":99,"column":61}},"type":"binary-expr","locations":[{"start":{"line":99,"column":8},"end":{"line":99,"column":30}},{"start":{"line":99,"column":34},"end":{"line":99,"column":61}}],"line":99},"13":{"loc":{"start":{"line":105,"column":4},"end":{"line":109,"column":5}},"type":"if","locations":[{"start":{"line":105,"column":4},"end":{"line":109,"column":5}},{"start":{},"end":{}}],"line":105},"14":{"loc":{"start":{"line":111,"column":4},"end":{"line":115,"column":5}},"type":"if","locations":[{"start":{"line":111,"column":4},"end":{"line":115,"column":5}},{"start":{},"end":{}}],"line":111},"15":{"loc":{"start":{"line":120,"column":4},"end":{"line":120,"column":119}},"type":"if","locations":[{"start":{"line":120,"column":4},"end":{"line":120,"column":119}},{"start":{},"end":{}}],"line":120},"16":{"loc":{"start":{"line":120,"column":8},"end":{"line":120,"column":50}},"type":"binary-expr","locations":[{"start":{"line":120,"column":8},"end":{"line":120,"column":24}},{"start":{"line":120,"column":28},"end":{"line":120,"column":50}}],"line":120},"17":{"loc":{"start":{"line":121,"column":4},"end":{"line":127,"column":5}},"type":"if","locations":[{"start":{"line":121,"column":4},"end":{"line":127,"column":5}},{"start":{},"end":{}}],"line":121},"18":{"loc":{"start":{"line":121,"column":8},"end":{"line":121,"column":78}},"type":"binary-expr","locations":[{"start":{"line":121,"column":9},"end":{"line":121,"column":28}},{"start":{"line":121,"column":32},"end":{"line":121,"column":51}},{"start":{"line":121,"column":56},"end":{"line":121,"column":78}}],"line":121},"19":{"loc":{"start":{"line":124,"column":20},"end":{"line":124,"column":66}},"type":"cond-expr","locations":[{"start":{"line":124,"column":42},"end":{"line":124,"column":49}},{"start":{"line":124,"column":52},"end":{"line":124,"column":66}}],"line":124},"20":{"loc":{"start":{"line":125,"column":16},"end":{"line":125,"column":51}},"type":"cond-expr","locations":[{"start":{"line":125,"column":38},"end":{"line":125,"column":43}},{"start":{"line":125,"column":46},"end":{"line":125,"column":51}}],"line":125},"21":{"loc":{"start":{"line":138,"column":4},"end":{"line":144,"column":5}},"type":"if","locations":[{"start":{"line":138,"column":4},"end":{"line":144,"column":5}},{"start":{},"end":{}}],"line":138},"22":{"loc":{"start":{"line":147,"column":4},"end":{"line":153,"column":5}},"type":"if","locations":[{"start":{"line":147,"column":4},"end":{"line":153,"column":5}},{"start":{},"end":{}}],"line":147},"23":{"loc":{"start":{"line":163,"column":6},"end":{"line":168,"column":7}},"type":"if","locations":[{"start":{"line":163,"column":6},"end":{"line":168,"column":7}},{"start":{},"end":{}}],"line":163},"24":{"loc":{"start":{"line":177,"column":15},"end":{"line":177,"column":43}},"type":"binary-expr","locations":[{"start":{"line":177,"column":15},"end":{"line":177,"column":26}},{"start":{"line":177,"column":30},"end":{"line":177,"column":43}}],"line":177},"25":{"loc":{"start":{"line":185,"column":4},"end":{"line":190,"column":5}},"type":"if","locations":[{"start":{"line":185,"column":4},"end":{"line":190,"column":5}},{"start":{},"end":{}}],"line":185},"26":{"loc":{"start":{"line":185,"column":8},"end":{"line":185,"column":27}},"type":"binary-expr","locations":[{"start":{"line":185,"column":8},"end":{"line":185,"column":11}},{"start":{"line":185,"column":15},"end":{"line":185,"column":27}}],"line":185},"27":{"loc":{"start":{"line":191,"column":4},"end":{"line":196,"column":5}},"type":"if","locations":[{"start":{"line":191,"column":4},"end":{"line":196,"column":5}},{"start":{},"end":{}}],"line":191},"28":{"loc":{"start":{"line":191,"column":8},"end":{"line":191,"column":61}},"type":"binary-expr","locations":[{"start":{"line":191,"column":8},"end":{"line":191,"column":30}},{"start":{"line":191,"column":34},"end":{"line":191,"column":61}}],"line":191},"29":{"loc":{"start":{"line":207,"column":6},"end":{"line":212,"column":5}},"type":"if","locations":[{"start":{"line":207,"column":6},"end":{"line":212,"column":5}},{"start":{},"end":{}}],"line":207},"30":{"loc":{"start":{"line":223,"column":17},"end":{"line":223,"column":45}},"type":"binary-expr","locations":[{"start":{"line":223,"column":17},"end":{"line":223,"column":28}},{"start":{"line":223,"column":32},"end":{"line":223,"column":45}}],"line":223},"31":{"loc":{"start":{"line":231,"column":6},"end":{"line":236,"column":7}},"type":"if","locations":[{"start":{"line":231,"column":6},"end":{"line":236,"column":7}},{"start":{},"end":{}}],"line":231},"32":{"loc":{"start":{"line":245,"column":6},"end":{"line":250,"column":7}},"type":"if","locations":[{"start":{"line":245,"column":6},"end":{"line":250,"column":7}},{"start":{},"end":{}}],"line":245},"33":{"loc":{"start":{"line":260,"column":15},"end":{"line":260,"column":43}},"type":"binary-expr","locations":[{"start":{"line":260,"column":15},"end":{"line":260,"column":26}},{"start":{"line":260,"column":30},"end":{"line":260,"column":43}}],"line":260}},"s":{"0":0,"1":0,"2":0,"3":0,"4":0,"5":0,"6":0,"7":0,"8":0,"9":0,"10":0,"11":0,"12":0,"13":0,"14":0,"15":0,"16":0,"17":0,"18":0,"19":0,"20":0,"21":0,"22":0,"23":0,"24":0,"25":0,"26":0,"27":0,"28":0,"29":0,"30":0,"31":0,"32":0,"33":0,"34":0,"35":0,"36":0,"37":0,"38":0,"39":0,"40":0,"41":0,"42":0,"43":0,"44":0,"45":0,"46":0,"47":0,"48":0,"49":0,"50":0,"51":0,"52":0,"53":0,"54":0,"55":0,"56":0,"57":0,"58":0,"59":0,"60":0,"61":0,"62":0,"63":0,"64":0,"65":0,"66":0,"67":0,"68":0,"69":0,"70":0,"71":0,"72":0,"73":0,"74":0,"75":0,"76":0,"77":0,"78":0,"79":0,"80":0,"81":0,"82":0},"f":{"0":0,"1":0,"2":0,"3":0,"4":0},"b":{"0":[0,0],"1":[0,0],"2":[0,0],"3":[0,0],"4":[0,0],"5":[0,0],"6":[0,0],"7":[0,0],"8":[0,0],"9":[0,0],"10":[0,0,0],"11":[0,0],"12":[0,0],"13":[0,0],"14":[0,0],"15":[0,0],"16":[0,0],"17":[0,0],"18":[0,0,0],"19":[0,0],"20":[0,0],"21":[0,0],"22":[0,0],"23":[0,0],"24":[0,0],"25":[0,0],"26":[0,0],"27":[0,0],"28":[0,0],"29":[0,0],"30":[0,0],"31":[0,0],"32":[0,0],"33":[0,0]}}
,"/Users/flobertjohnson/Documents/Mastere2/Projet_Finale_Master2_SportAndNutrition_mobileApp/mobileApp/SparkFit/MVP/sparkfit_backend/src/controllers/workout.controller.js": {"path":"/Users/flobertjohnson/Documents/Mastere2/Projet_Finale_Master2_SportAndNutrition_mobileApp/mobileApp/SparkFit/MVP/sparkfit_backend/src/controllers/workout.controller.js","statementMap":{"0":{"start":{"line":1,"column":25},"end":{"line":1,"column":50}},"1":{"start":{"line":2,"column":15},"end":{"line":2,"column":33}},"2":{"start":{"line":3,"column":27},"end":{"line":3,"column":63}},"3":{"start":{"line":5,"column":0},"end":{"line":181,"column":2}},"4":{"start":{"line":6,"column":19},"end":{"line":6,"column":45}},"5":{"start":{"line":7,"column":22},"end":{"line":7,"column":38}},"6":{"start":{"line":10,"column":4},"end":{"line":10,"column":69}},"7":{"start":{"line":12,"column":4},"end":{"line":180,"column":5}},"8":{"start":{"line":14,"column":8},"end":{"line":83,"column":9}},"9":{"start":{"line":15,"column":12},"end":{"line":15,"column":56}},"10":{"start":{"line":16,"column":29},"end":{"line":16,"column":42}},"11":{"start":{"line":19,"column":36},"end":{"line":76,"column":15}},"12":{"start":{"line":20,"column":39},"end":{"line":44,"column":25}},"13":{"start":{"line":20,"column":71},"end":{"line":44,"column":17}},"14":{"start":{"line":46,"column":39},"end":{"line":64,"column":18}},"15":{"start":{"line":75,"column":16},"end":{"line":75,"column":38}},"16":{"start":{"line":78,"column":12},"end":{"line":82,"column":15}},"17":{"start":{"line":86,"column":67},"end":{"line":86,"column":75}},"18":{"start":{"line":88,"column":8},"end":{"line":93,"column":9}},"19":{"start":{"line":89,"column":12},"end":{"line":92,"column":15}},"20":{"start":{"line":95,"column":28},"end":{"line":119,"column":17}},"21":{"start":{"line":95,"column":52},"end":{"line":119,"column":9}},"22":{"start":{"line":121,"column":23},"end":{"line":139,"column":10}},"23":{"start":{"line":142,"column":8},"end":{"line":142,"column":43}},"24":{"start":{"line":143,"column":8},"end":{"line":145,"column":9}},"25":{"start":{"line":144,"column":12},"end":{"line":144,"column":54}},"26":{"start":{"line":146,"column":8},"end":{"line":148,"column":9}},"27":{"start":{"line":147,"column":12},"end":{"line":147,"column":67}},"28":{"start":{"line":151,"column":39},"end":{"line":151,"column":64}},"29":{"start":{"line":152,"column":32},"end":{"line":152,"column":59}},"30":{"start":{"line":153,"column":8},"end":{"line":153,"column":106}},"31":{"start":{"line":156,"column":8},"end":{"line":156,"column":73}},"32":{"start":{"line":158,"column":8},"end":{"line":162,"column":11}},"33":{"start":{"line":166,"column":8},"end":{"line":170,"column":11}},"34":{"start":{"line":173,"column":8},"end":{"line":173,"column":73}},"35":{"start":{"line":175,"column":8},"end":{"line":175,"column":55}},"36":{"start":{"line":176,"column":8},"end":{"line":179,"column":11}},"37":{"start":{"line":186,"column":0},"end":{"line":221,"column":2}},"38":{"start":{"line":187,"column":4},"end":{"line":192,"column":7}},"39":{"start":{"line":188,"column":8},"end":{"line":191,"column":11}},"40":{"start":{"line":193,"column":4},"end":{"line":220,"column":5}},"41":{"start":{"line":194,"column":25},"end":{"line":203,"column":10}},"42":{"start":{"line":204,"column":8},"end":{"line":209,"column":9}},"43":{"start":{"line":205,"column":12},"end":{"line":208,"column":15}},"44":{"start":{"line":210,"column":8},"end":{"line":214,"column":11}},"45":{"start":{"line":216,"column":8},"end":{"line":219,"column":11}},"46":{"start":{"line":223,"column":0},"end":{"line":261,"column":2}},"47":{"start":{"line":224,"column":4},"end":{"line":260,"column":5}},"48":{"start":{"line":225,"column":23},"end":{"line":225,"column":33}},"49":{"start":{"line":226,"column":4},"end":{"line":231,"column":5}},"50":{"start":{"line":227,"column":6},"end":{"line":230,"column":9}},"51":{"start":{"line":232,"column":20},"end":{"line":242,"column":6}},"52":{"start":{"line":243,"column":4},"end":{"line":248,"column":3}},"53":{"start":{"line":244,"column":6},"end":{"line":247,"column":9}},"54":{"start":{"line":249,"column":6},"end":{"line":253,"column":9}},"55":{"start":{"line":256,"column":8},"end":{"line":259,"column":11}},"56":{"start":{"line":263,"column":0},"end":{"line":370,"column":2}},"57":{"start":{"line":264,"column":4},"end":{"line":369,"column":5}},"58":{"start":{"line":265,"column":23},"end":{"line":265,"column":33}},"59":{"start":{"line":266,"column":23},"end":{"line":266,"column":49}},"60":{"start":{"line":267,"column":61},"end":{"line":267,"column":69}},"61":{"start":{"line":269,"column":8},"end":{"line":274,"column":9}},"62":{"start":{"line":270,"column":12},"end":{"line":273,"column":15}},"63":{"start":{"line":277,"column":32},"end":{"line":280,"column":10}},"64":{"start":{"line":282,"column":8},"end":{"line":287,"column":9}},"65":{"start":{"line":283,"column":12},"end":{"line":286,"column":15}},"66":{"start":{"line":289,"column":8},"end":{"line":294,"column":9}},"67":{"start":{"line":290,"column":12},"end":{"line":293,"column":15}},"68":{"start":{"line":297,"column":8},"end":{"line":299,"column":11}},"69":{"start":{"line":302,"column":26},"end":{"line":302,"column":28}},"70":{"start":{"line":303,"column":8},"end":{"line":311,"column":9}},"71":{"start":{"line":304,"column":12},"end":{"line":310,"column":16}},"72":{"start":{"line":304,"column":49},"end":{"line":310,"column":13}},"73":{"start":{"line":314,"column":27},"end":{"line":314,"column":29}},"74":{"start":{"line":315,"column":8},"end":{"line":315,"column":51}},"75":{"start":{"line":315,"column":18},"end":{"line":315,"column":51}},"76":{"start":{"line":316,"column":8},"end":{"line":316,"column":53}},"77":{"start":{"line":316,"column":22},"end":{"line":316,"column":53}},"78":{"start":{"line":317,"column":8},"end":{"line":317,"column":74}},"79":{"start":{"line":317,"column":29},"end":{"line":317,"column":74}},"80":{"start":{"line":319,"column":31},"end":{"line":329,"column":10}},"81":{"start":{"line":332,"column":8},"end":{"line":336,"column":9}},"82":{"start":{"line":333,"column":12},"end":{"line":335,"column":15}},"83":{"start":{"line":339,"column":29},"end":{"line":348,"column":10}},"84":{"start":{"line":351,"column":33},"end":{"line":351,"column":85}},"85":{"start":{"line":351,"column":66},"end":{"line":351,"column":77}},"86":{"start":{"line":352,"column":29},"end":{"line":352,"column":56}},"87":{"start":{"line":353,"column":8},"end":{"line":355,"column":9}},"88":{"start":{"line":354,"column":12},"end":{"line":354,"column":87}},"89":{"start":{"line":357,"column":8},"end":{"line":361,"column":11}},"90":{"start":{"line":364,"column":8},"end":{"line":364,"column":52}},"91":{"start":{"line":365,"column":8},"end":{"line":368,"column":11}},"92":{"start":{"line":372,"column":0},"end":{"line":429,"column":2}},"93":{"start":{"line":373,"column":19},"end":{"line":373,"column":29}},"94":{"start":{"line":374,"column":19},"end":{"line":374,"column":45}},"95":{"start":{"line":376,"column":4},"end":{"line":381,"column":5}},"96":{"start":{"line":377,"column":8},"end":{"line":380,"column":11}},"97":{"start":{"line":383,"column":4},"end":{"line":428,"column":5}},"98":{"start":{"line":385,"column":32},"end":{"line":387,"column":10}},"99":{"start":{"line":389,"column":8},"end":{"line":394,"column":9}},"100":{"start":{"line":390,"column":12},"end":{"line":393,"column":15}},"101":{"start":{"line":396,"column":8},"end":{"line":401,"column":9}},"102":{"start":{"line":397,"column":12},"end":{"line":400,"column":15}},"103":{"start":{"line":404,"column":38},"end":{"line":406,"column":10}},"104":{"start":{"line":409,"column":31},"end":{"line":411,"column":10}},"105":{"start":{"line":413,"column":8},"end":{"line":420,"column":11}},"106":{"start":{"line":423,"column":8},"end":{"line":423,"column":52}},"107":{"start":{"line":424,"column":8},"end":{"line":427,"column":11}},"108":{"start":{"line":432,"column":0},"end":{"line":465,"column":2}},"109":{"start":{"line":433,"column":19},"end":{"line":433,"column":45}},"110":{"start":{"line":434,"column":4},"end":{"line":464,"column":5}},"111":{"start":{"line":435,"column":25},"end":{"line":447,"column":10}},"112":{"start":{"line":448,"column":8},"end":{"line":453,"column":9}},"113":{"start":{"line":449,"column":12},"end":{"line":452,"column":15}},"114":{"start":{"line":454,"column":8},"end":{"line":458,"column":11}},"115":{"start":{"line":460,"column":8},"end":{"line":463,"column":11}}},"fnMap":{"0":{"name":"(anonymous_0)","decl":{"start":{"line":5,"column":24},"end":{"line":5,"column":25}},"loc":{"start":{"line":5,"column":44},"end":{"line":181,"column":1}},"line":5},"1":{"name":"(anonymous_1)","decl":{"start":{"line":19,"column":67},"end":{"line":19,"column":68}},"loc":{"start":{"line":19,"column":86},"end":{"line":76,"column":13}},"line":19},"2":{"name":"(anonymous_2)","decl":{"start":{"line":20,"column":60},"end":{"line":20,"column":61}},"loc":{"start":{"line":20,"column":71},"end":{"line":44,"column":17}},"line":20},"3":{"name":"(anonymous_3)","decl":{"start":{"line":95,"column":41},"end":{"line":95,"column":42}},"loc":{"start":{"line":95,"column":52},"end":{"line":119,"column":9}},"line":95},"4":{"name":"(anonymous_4)","decl":{"start":{"line":186,"column":22},"end":{"line":186,"column":23}},"loc":{"start":{"line":186,"column":48},"end":{"line":221,"column":1}},"line":186},"5":{"name":"(anonymous_5)","decl":{"start":{"line":223,"column":25},"end":{"line":223,"column":26}},"loc":{"start":{"line":223,"column":51},"end":{"line":261,"column":1}},"line":223},"6":{"name":"(anonymous_6)","decl":{"start":{"line":263,"column":24},"end":{"line":263,"column":25}},"loc":{"start":{"line":263,"column":50},"end":{"line":370,"column":1}},"line":263},"7":{"name":"(anonymous_7)","decl":{"start":{"line":304,"column":38},"end":{"line":304,"column":39}},"loc":{"start":{"line":304,"column":49},"end":{"line":310,"column":13}},"line":304},"8":{"name":"(anonymous_8)","decl":{"start":{"line":351,"column":61},"end":{"line":351,"column":62}},"loc":{"start":{"line":351,"column":66},"end":{"line":351,"column":77}},"line":351},"9":{"name":"(anonymous_9)","decl":{"start":{"line":372,"column":24},"end":{"line":372,"column":25}},"loc":{"start":{"line":372,"column":50},"end":{"line":429,"column":1}},"line":372},"10":{"name":"(anonymous_10)","decl":{"start":{"line":432,"column":26},"end":{"line":432,"column":27}},"loc":{"start":{"line":432,"column":52},"end":{"line":465,"column":1}},"line":432}},"branchMap":{"0":{"loc":{"start":{"line":14,"column":8},"end":{"line":83,"column":9}},"type":"if","locations":[{"start":{"line":14,"column":8},"end":{"line":83,"column":9}},{"start":{},"end":{}}],"line":14},"1":{"loc":{"start":{"line":14,"column":12},"end":{"line":14,"column":57}},"type":"binary-expr","locations":[{"start":{"line":14,"column":12},"end":{"line":14,"column":25}},{"start":{"line":14,"column":29},"end":{"line":14,"column":57}}],"line":14},"2":{"loc":{"start":{"line":20,"column":39},"end":{"line":44,"column":25}},"type":"binary-expr","locations":[{"start":{"line":20,"column":39},"end":{"line":44,"column":19}},{"start":{"line":44,"column":23},"end":{"line":44,"column":25}}],"line":20},"3":{"loc":{"start":{"line":21,"column":26},"end":{"line":21,"column":42}},"type":"binary-expr","locations":[{"start":{"line":21,"column":26},"end":{"line":21,"column":37}},{"start":{"line":21,"column":41},"end":{"line":21,"column":42}}],"line":21},"4":{"loc":{"start":{"line":22,"column":26},"end":{"line":22,"column":42}},"type":"binary-expr","locations":[{"start":{"line":22,"column":26},"end":{"line":22,"column":37}},{"start":{"line":22,"column":41},"end":{"line":22,"column":42}}],"line":22},"5":{"loc":{"start":{"line":23,"column":28},"end":{"line":23,"column":46}},"type":"binary-expr","locations":[{"start":{"line":23,"column":28},"end":{"line":23,"column":41}},{"start":{"line":23,"column":45},"end":{"line":23,"column":46}}],"line":23},"6":{"loc":{"start":{"line":33,"column":47},"end":{"line":33,"column":85}},"type":"binary-expr","locations":[{"start":{"line":33,"column":47},"end":{"line":33,"column":72}},{"start":{"line":33,"column":76},"end":{"line":33,"column":85}}],"line":33},"7":{"loc":{"start":{"line":38,"column":45},"end":{"line":38,"column":78}},"type":"binary-expr","locations":[{"start":{"line":38,"column":45},"end":{"line":38,"column":72}},{"start":{"line":38,"column":76},"end":{"line":38,"column":78}}],"line":38},"8":{"loc":{"start":{"line":39,"column":43},"end":{"line":39,"column":74}},"type":"binary-expr","locations":[{"start":{"line":39,"column":43},"end":{"line":39,"column":68}},{"start":{"line":39,"column":72},"end":{"line":39,"column":74}}],"line":39},"9":{"loc":{"start":{"line":40,"column":43},"end":{"line":40,"column":81}},"type":"binary-expr","locations":[{"start":{"line":40,"column":43},"end":{"line":40,"column":68}},{"start":{"line":40,"column":72},"end":{"line":40,"column":81}}],"line":40},"10":{"loc":{"start":{"line":51,"column":34},"end":{"line":51,"column":55}},"type":"binary-expr","locations":[{"start":{"line":51,"column":34},"end":{"line":51,"column":50}},{"start":{"line":51,"column":54},"end":{"line":51,"column":55}}],"line":51},"11":{"loc":{"start":{"line":52,"column":41},"end":{"line":52,"column":69}},"type":"binary-expr","locations":[{"start":{"line":52,"column":41},"end":{"line":52,"column":64}},{"start":{"line":52,"column":68},"end":{"line":52,"column":69}}],"line":52},"12":{"loc":{"start":{"line":88,"column":8},"end":{"line":93,"column":9}},"type":"if","locations":[{"start":{"line":88,"column":8},"end":{"line":93,"column":9}},{"start":{},"end":{}}],"line":88},"13":{"loc":{"start":{"line":88,"column":12},"end":{"line":88,"column":26}},"type":"binary-expr","locations":[{"start":{"line":88,"column":12},"end":{"line":88,"column":17}},{"start":{"line":88,"column":21},"end":{"line":88,"column":26}}],"line":88},"14":{"loc":{"start":{"line":95,"column":28},"end":{"line":119,"column":17}},"type":"binary-expr","locations":[{"start":{"line":95,"column":28},"end":{"line":119,"column":11}},{"start":{"line":119,"column":15},"end":{"line":119,"column":17}}],"line":95},"15":{"loc":{"start":{"line":96,"column":18},"end":{"line":96,"column":34}},"type":"binary-expr","locations":[{"start":{"line":96,"column":18},"end":{"line":96,"column":29}},{"start":{"line":96,"column":33},"end":{"line":96,"column":34}}],"line":96},"16":{"loc":{"start":{"line":97,"column":18},"end":{"line":97,"column":34}},"type":"binary-expr","locations":[{"start":{"line":97,"column":18},"end":{"line":97,"column":29}},{"start":{"line":97,"column":33},"end":{"line":97,"column":34}}],"line":97},"17":{"loc":{"start":{"line":98,"column":20},"end":{"line":98,"column":38}},"type":"binary-expr","locations":[{"start":{"line":98,"column":20},"end":{"line":98,"column":33}},{"start":{"line":98,"column":37},"end":{"line":98,"column":38}}],"line":98},"18":{"loc":{"start":{"line":108,"column":39},"end":{"line":108,"column":77}},"type":"binary-expr","locations":[{"start":{"line":108,"column":39},"end":{"line":108,"column":64}},{"start":{"line":108,"column":68},"end":{"line":108,"column":77}}],"line":108},"19":{"loc":{"start":{"line":113,"column":37},"end":{"line":113,"column":70}},"type":"binary-expr","locations":[{"start":{"line":113,"column":37},"end":{"line":113,"column":64}},{"start":{"line":113,"column":68},"end":{"line":113,"column":70}}],"line":113},"20":{"loc":{"start":{"line":114,"column":35},"end":{"line":114,"column":66}},"type":"binary-expr","locations":[{"start":{"line":114,"column":35},"end":{"line":114,"column":60}},{"start":{"line":114,"column":64},"end":{"line":114,"column":66}}],"line":114},"21":{"loc":{"start":{"line":115,"column":35},"end":{"line":115,"column":73}},"type":"binary-expr","locations":[{"start":{"line":115,"column":35},"end":{"line":115,"column":60}},{"start":{"line":115,"column":64},"end":{"line":115,"column":73}}],"line":115},"22":{"loc":{"start":{"line":126,"column":26},"end":{"line":126,"column":39}},"type":"binary-expr","locations":[{"start":{"line":126,"column":26},"end":{"line":126,"column":34}},{"start":{"line":126,"column":38},"end":{"line":126,"column":39}}],"line":126},"23":{"loc":{"start":{"line":127,"column":33},"end":{"line":127,"column":53}},"type":"binary-expr","locations":[{"start":{"line":127,"column":33},"end":{"line":127,"column":48}},{"start":{"line":127,"column":52},"end":{"line":127,"column":53}}],"line":127},"24":{"loc":{"start":{"line":143,"column":8},"end":{"line":145,"column":9}},"type":"if","locations":[{"start":{"line":143,"column":8},"end":{"line":145,"column":9}},{"start":{},"end":{}}],"line":143},"25":{"loc":{"start":{"line":146,"column":8},"end":{"line":148,"column":9}},"type":"if","locations":[{"start":{"line":146,"column":8},"end":{"line":148,"column":9}},{"start":{},"end":{}}],"line":146},"26":{"loc":{"start":{"line":169,"column":20},"end":{"line":169,"column":37}},"type":"binary-expr","locations":[{"start":{"line":169,"column":20},"end":{"line":169,"column":30}},{"start":{"line":169,"column":34},"end":{"line":169,"column":37}}],"line":169},"27":{"loc":{"start":{"line":187,"column":4},"end":{"line":192,"column":7}},"type":"if","locations":[{"start":{"line":187,"column":4},"end":{"line":192,"column":7}},{"start":{},"end":{}}],"line":187},"28":{"loc":{"start":{"line":204,"column":8},"end":{"line":209,"column":9}},"type":"if","locations":[{"start":{"line":204,"column":8},"end":{"line":209,"column":9}},{"start":{},"end":{}}],"line":204},"29":{"loc":{"start":{"line":218,"column":21},"end":{"line":218,"column":49}},"type":"binary-expr","locations":[{"start":{"line":218,"column":21},"end":{"line":218,"column":32}},{"start":{"line":218,"column":36},"end":{"line":218,"column":49}}],"line":218},"30":{"loc":{"start":{"line":226,"column":4},"end":{"line":231,"column":5}},"type":"if","locations":[{"start":{"line":226,"column":4},"end":{"line":231,"column":5}},{"start":{},"end":{}}],"line":226},"31":{"loc":{"start":{"line":243,"column":4},"end":{"line":248,"column":3}},"type":"if","locations":[{"start":{"line":243,"column":4},"end":{"line":248,"column":3}},{"start":{},"end":{}}],"line":243},"32":{"loc":{"start":{"line":258,"column":21},"end":{"line":258,"column":49}},"type":"binary-expr","locations":[{"start":{"line":258,"column":21},"end":{"line":258,"column":32}},{"start":{"line":258,"column":36},"end":{"line":258,"column":49}}],"line":258},"33":{"loc":{"start":{"line":269,"column":8},"end":{"line":274,"column":9}},"type":"if","locations":[{"start":{"line":269,"column":8},"end":{"line":274,"column":9}},{"start":{},"end":{}}],"line":269},"34":{"loc":{"start":{"line":282,"column":8},"end":{"line":287,"column":9}},"type":"if","locations":[{"start":{"line":282,"column":8},"end":{"line":287,"column":9}},{"start":{},"end":{}}],"line":282},"35":{"loc":{"start":{"line":289,"column":8},"end":{"line":294,"column":9}},"type":"if","locations":[{"start":{"line":289,"column":8},"end":{"line":294,"column":9}},{"start":{},"end":{}}],"line":289},"36":{"loc":{"start":{"line":289,"column":12},"end":{"line":289,"column":70}},"type":"binary-expr","locations":[{"start":{"line":289,"column":12},"end":{"line":289,"column":46}},{"start":{"line":289,"column":50},"end":{"line":289,"column":70}}],"line":289},"37":{"loc":{"start":{"line":303,"column":8},"end":{"line":311,"column":9}},"type":"if","locations":[{"start":{"line":303,"column":8},"end":{"line":311,"column":9}},{"start":{},"end":{}}],"line":303},"38":{"loc":{"start":{"line":303,"column":12},"end":{"line":303,"column":45}},"type":"binary-expr","locations":[{"start":{"line":303,"column":12},"end":{"line":303,"column":19}},{"start":{"line":303,"column":23},"end":{"line":303,"column":45}}],"line":303},"39":{"loc":{"start":{"line":315,"column":8},"end":{"line":315,"column":51}},"type":"if","locations":[{"start":{"line":315,"column":8},"end":{"line":315,"column":51}},{"start":{},"end":{}}],"line":315},"40":{"loc":{"start":{"line":316,"column":8},"end":{"line":316,"column":53}},"type":"if","locations":[{"start":{"line":316,"column":8},"end":{"line":316,"column":53}},{"start":{},"end":{}}],"line":316},"41":{"loc":{"start":{"line":317,"column":8},"end":{"line":317,"column":74}},"type":"if","locations":[{"start":{"line":317,"column":8},"end":{"line":317,"column":74}},{"start":{},"end":{}}],"line":317},"42":{"loc":{"start":{"line":332,"column":8},"end":{"line":336,"column":9}},"type":"if","locations":[{"start":{"line":332,"column":8},"end":{"line":336,"column":9}},{"start":{},"end":{}}],"line":332},"43":{"loc":{"start":{"line":353,"column":8},"end":{"line":355,"column":9}},"type":"if","locations":[{"start":{"line":353,"column":8},"end":{"line":355,"column":9}},{"start":{},"end":{}}],"line":353},"44":{"loc":{"start":{"line":367,"column":21},"end":{"line":367,"column":59}},"type":"binary-expr","locations":[{"start":{"line":367,"column":21},"end":{"line":367,"column":32}},{"start":{"line":367,"column":36},"end":{"line":367,"column":59}}],"line":367},"45":{"loc":{"start":{"line":376,"column":4},"end":{"line":381,"column":5}},"type":"if","locations":[{"start":{"line":376,"column":4},"end":{"line":381,"column":5}},{"start":{},"end":{}}],"line":376},"46":{"loc":{"start":{"line":389,"column":8},"end":{"line":394,"column":9}},"type":"if","locations":[{"start":{"line":389,"column":8},"end":{"line":394,"column":9}},{"start":{},"end":{}}],"line":389},"47":{"loc":{"start":{"line":396,"column":8},"end":{"line":401,"column":9}},"type":"if","locations":[{"start":{"line":396,"column":8},"end":{"line":401,"column":9}},{"start":{},"end":{}}],"line":396},"48":{"loc":{"start":{"line":396,"column":12},"end":{"line":396,"column":70}},"type":"binary-expr","locations":[{"start":{"line":396,"column":12},"end":{"line":396,"column":46}},{"start":{"line":396,"column":50},"end":{"line":396,"column":70}}],"line":396},"49":{"loc":{"start":{"line":426,"column":21},"end":{"line":426,"column":59}},"type":"binary-expr","locations":[{"start":{"line":426,"column":21},"end":{"line":426,"column":32}},{"start":{"line":426,"column":36},"end":{"line":426,"column":59}}],"line":426},"50":{"loc":{"start":{"line":448,"column":8},"end":{"line":453,"column":9}},"type":"if","locations":[{"start":{"line":448,"column":8},"end":{"line":453,"column":9}},{"start":{},"end":{}}],"line":448},"51":{"loc":{"start":{"line":462,"column":21},"end":{"line":462,"column":49}},"type":"binary-expr","locations":[{"start":{"line":462,"column":21},"end":{"line":462,"column":32}},{"start":{"line":462,"column":36},"end":{"line":462,"column":49}}],"line":462}},"s":{"0":0,"1":0,"2":0,"3":0,"4":0,"5":0,"6":0,"7":0,"8":0,"9":0,"10":0,"11":0,"12":0,"13":0,"14":0,"15":0,"16":0,"17":0,"18":0,"19":0,"20":0,"21":0,"22":0,"23":0,"24":0,"25":0,"26":0,"27":0,"28":0,"29":0,"30":0,"31":0,"32":0,"33":0,"34":0,"35":0,"36":0,"37":0,"38":0,"39":0,"40":0,"41":0,"42":0,"43":0,"44":0,"45":0,"46":0,"47":0,"48":0,"49":0,"50":0,"51":0,"52":0,"53":0,"54":0,"55":0,"56":0,"57":0,"58":0,"59":0,"60":0,"61":0,"62":0,"63":0,"64":0,"65":0,"66":0,"67":0,"68":0,"69":0,"70":0,"71":0,"72":0,"73":0,"74":0,"75":0,"76":0,"77":0,"78":0,"79":0,"80":0,"81":0,"82":0,"83":0,"84":0,"85":0,"86":0,"87":0,"88":0,"89":0,"90":0,"91":0,"92":0,"93":0,"94":0,"95":0,"96":0,"97":0,"98":0,"99":0,"100":0,"101":0,"102":0,"103":0,"104":0,"105":0,"106":0,"107":0,"108":0,"109":0,"110":0,"111":0,"112":0,"113":0,"114":0,"115":0},"f":{"0":0,"1":0,"2":0,"3":0,"4":0,"5":0,"6":0,"7":0,"8":0,"9":0,"10":0},"b":{"0":[0,0],"1":[0,0],"2":[0,0],"3":[0,0],"4":[0,0],"5":[0,0],"6":[0,0],"7":[0,0],"8":[0,0],"9":[0,0],"10":[0,0],"11":[0,0],"12":[0,0],"13":[0,0],"14":[0,0],"15":[0,0],"16":[0,0],"17":[0,0],"18":[0,0],"19":[0,0],"20":[0,0],"21":[0,0],"22":[0,0],"23":[0,0],"24":[0,0],"25":[0,0],"26":[0,0],"27":[0,0],"28":[0,0],"29":[0,0],"30":[0,0],"31":[0,0],"32":[0,0],"33":[0,0],"34":[0,0],"35":[0,0],"36":[0,0],"37":[0,0],"38":[0,0],"39":[0,0],"40":[0,0],"41":[0,0],"42":[0,0],"43":[0,0],"44":[0,0],"45":[0,0],"46":[0,0],"47":[0,0],"48":[0,0],"49":[0,0],"50":[0,0],"51":[0,0]}}
,"/Users/flobertjohnson/Documents/Mastere2/Projet_Finale_Master2_SportAndNutrition_mobileApp/mobileApp/SparkFit/MVP/sparkfit_backend/src/metrics/dbMetrics.js": {"path":"/Users/flobertjohnson/Documents/Mastere2/Projet_Finale_Master2_SportAndNutrition_mobileApp/mobileApp/SparkFit/MVP/sparkfit_backend/src/metrics/dbMetrics.js","statementMap":{"0":{"start":{"line":1,"column":15},"end":{"line":1,"column":37}},"1":{"start":{"line":2,"column":17},"end":{"line":2,"column":38}},"2":{"start":{"line":5,"column":18},"end":{"line":52,"column":1}},"3":{"start":{"line":54,"column":0},"end":{"line":57,"column":2}}},"fnMap":{},"branchMap":{},"s":{"0":0,"1":0,"2":0,"3":0},"f":{},"b":{}}
,"/Users/flobertjohnson/Documents/Mastere2/Projet_Finale_Master2_SportAndNutrition_mobileApp/mobileApp/SparkFit/MVP/sparkfit_backend/src/metrics/performanceMetrics.js": {"path":"/Users/flobertjohnson/Documents/Mastere2/Projet_Finale_Master2_SportAndNutrition_mobileApp/mobileApp/SparkFit/MVP/sparkfit_backend/src/metrics/performanceMetrics.js","statementMap":{"0":{"start":{"line":1,"column":15},"end":{"line":1,"column":37}},"1":{"start":{"line":2,"column":17},"end":{"line":2,"column":38}},"2":{"start":{"line":5,"column":27},"end":{"line":70,"column":1}},"3":{"start":{"line":72,"column":0},"end":{"line":75,"column":2}}},"fnMap":{},"branchMap":{},"s":{"0":0,"1":0,"2":0,"3":0},"f":{},"b":{}}
,"/Users/flobertjohnson/Documents/Mastere2/Projet_Finale_Master2_SportAndNutrition_mobileApp/mobileApp/SparkFit/MVP/sparkfit_backend/src/metrics/workoutMetrics.js": {"path":"/Users/flobertjohnson/Documents/Mastere2/Projet_Finale_Master2_SportAndNutrition_mobileApp/mobileApp/SparkFit/MVP/sparkfit_backend/src/metrics/workoutMetrics.js","statementMap":{"0":{"start":{"line":1,"column":15},"end":{"line":1,"column":37}},"1":{"start":{"line":2,"column":17},"end":{"line":2,"column":38}},"2":{"start":{"line":5,"column":23},"end":{"line":30,"column":1}},"3":{"start":{"line":32,"column":0},"end":{"line":35,"column":2}}},"fnMap":{},"branchMap":{},"s":{"0":0,"1":0,"2":0,"3":0},"f":{},"b":{}}
,"/Users/flobertjohnson/Documents/Mastere2/Projet_Finale_Master2_SportAndNutrition_mobileApp/mobileApp/SparkFit/MVP/sparkfit_backend/src/middlewares/checkJWT.js": {"path":"/Users/flobertjohnson/Documents/Mastere2/Projet_Finale_Master2_SportAndNutrition_mobileApp/mobileApp/SparkFit/MVP/sparkfit_backend/src/middlewares/checkJWT.js","statementMap":{"0":{"start":{"line":1,"column":12},"end":{"line":1,"column":35}},"1":{"start":{"line":3,"column":0},"end":{"line":42,"column":2}},"2":{"start":{"line":4,"column":23},"end":{"line":4,"column":48}},"3":{"start":{"line":6,"column":4},"end":{"line":11,"column":5}},"4":{"start":{"line":7,"column":8},"end":{"line":10,"column":11}},"5":{"start":{"line":13,"column":18},"end":{"line":13,"column":39}},"6":{"start":{"line":15,"column":4},"end":{"line":20,"column":5}},"7":{"start":{"line":16,"column":8},"end":{"line":19,"column":11}},"8":{"start":{"line":22,"column":28},"end":{"line":22,"column":33}},"9":{"start":{"line":24,"column":4},"end":{"line":29,"column":5}},"10":{"start":{"line":25,"column":8},"end":{"line":28,"column":11}},"11":{"start":{"line":31,"column":4},"end":{"line":41,"column":7}},"12":{"start":{"line":32,"column":8},"end":{"line":37,"column":9}},"13":{"start":{"line":33,"column":12},"end":{"line":36,"column":15}},"14":{"start":{"line":39,"column":8},"end":{"line":39,"column":32}},"15":{"start":{"line":40,"column":8},"end":{"line":40,"column":22}}},"fnMap":{"0":{"name":"(anonymous_0)","decl":{"start":{"line":3,"column":17},"end":{"line":3,"column":18}},"loc":{"start":{"line":3,"column":37},"end":{"line":42,"column":1}},"line":3},"1":{"name":"(anonymous_1)","decl":{"start":{"line":31,"column":46},"end":{"line":31,"column":47}},"loc":{"start":{"line":31,"column":64},"end":{"line":41,"column":5}},"line":31}},"branchMap":{"0":{"loc":{"start":{"line":6,"column":4},"end":{"line":11,"column":5}},"type":"if","locations":[{"start":{"line":6,"column":4},"end":{"line":11,"column":5}},{"start":{},"end":{}}],"line":6},"1":{"loc":{"start":{"line":15,"column":4},"end":{"line":20,"column":5}},"type":"if","locations":[{"start":{"line":15,"column":4},"end":{"line":20,"column":5}},{"start":{},"end":{}}],"line":15},"2":{"loc":{"start":{"line":24,"column":4},"end":{"line":29,"column":5}},"type":"if","locations":[{"start":{"line":24,"column":4},"end":{"line":29,"column":5}},{"start":{},"end":{}}],"line":24},"3":{"loc":{"start":{"line":32,"column":8},"end":{"line":37,"column":9}},"type":"if","locations":[{"start":{"line":32,"column":8},"end":{"line":37,"column":9}},{"start":{},"end":{}}],"line":32}},"s":{"0":0,"1":0,"2":0,"3":0,"4":0,"5":0,"6":0,"7":0,"8":0,"9":0,"10":0,"11":0,"12":0,"13":0,"14":0,"15":0},"f":{"0":0,"1":0},"b":{"0":[0,0],"1":[0,0],"2":[0,0],"3":[0,0]}}
,"/Users/flobertjohnson/Documents/Mastere2/Projet_Finale_Master2_SportAndNutrition_mobileApp/mobileApp/SparkFit/MVP/sparkfit_backend/src/middlewares/dbMetrics.js": {"path":"/Users/flobertjohnson/Documents/Mastere2/Projet_Finale_Master2_SportAndNutrition_mobileApp/mobileApp/SparkFit/MVP/sparkfit_backend/src/middlewares/dbMetrics.js","statementMap":{"0":{"start":{"line":1,"column":22},"end":{"line":1,"column":53}},"1":{"start":{"line":2,"column":25},"end":{"line":2,"column":50}},"2":{"start":{"line":5,"column":15},"end":{"line":5,"column":33}},"3":{"start":{"line":8,"column":0},"end":{"line":39,"column":3}},"4":{"start":{"line":9,"column":22},"end":{"line":9,"column":38}},"5":{"start":{"line":11,"column":4},"end":{"line":38,"column":5}},"6":{"start":{"line":13,"column":8},"end":{"line":16,"column":11}},"7":{"start":{"line":19,"column":23},"end":{"line":19,"column":41}},"8":{"start":{"line":22,"column":39},"end":{"line":22,"column":64}},"9":{"start":{"line":23,"column":25},"end":{"line":23,"column":52}},"10":{"start":{"line":24,"column":8},"end":{"line":27,"column":21}},"11":{"start":{"line":29,"column":8},"end":{"line":29,"column":22}},"12":{"start":{"line":32,"column":8},"end":{"line":36,"column":11}},"13":{"start":{"line":37,"column":8},"end":{"line":37,"column":20}},"14":{"start":{"line":43,"column":4},"end":{"line":75,"column":5}},"15":{"start":{"line":45,"column":29},"end":{"line":47,"column":9}},"16":{"start":{"line":48,"column":8},"end":{"line":48,"column":57}},"17":{"start":{"line":51,"column":33},"end":{"line":59,"column":9}},"18":{"start":{"line":61,"column":8},"end":{"line":63,"column":11}},"19":{"start":{"line":62,"column":12},"end":{"line":62,"column":80}},"20":{"start":{"line":66,"column":40},"end":{"line":70,"column":9}},"21":{"start":{"line":71,"column":8},"end":{"line":71,"column":74}},"22":{"start":{"line":74,"column":8},"end":{"line":74,"column":80}},"23":{"start":{"line":79,"column":0},"end":{"line":79,"column":40}},"24":{"start":{"line":82,"column":0},"end":{"line":82,"column":22}},"25":{"start":{"line":84,"column":0},"end":{"line":84,"column":24}}},"fnMap":{"0":{"name":"(anonymous_0)","decl":{"start":{"line":8,"column":12},"end":{"line":8,"column":13}},"loc":{"start":{"line":8,"column":36},"end":{"line":39,"column":1}},"line":8},"1":{"name":"updateDBSizeMetrics","decl":{"start":{"line":42,"column":15},"end":{"line":42,"column":34}},"loc":{"start":{"line":42,"column":37},"end":{"line":76,"column":1}},"line":42},"2":{"name":"(anonymous_2)","decl":{"start":{"line":61,"column":33},"end":{"line":61,"column":34}},"loc":{"start":{"line":61,"column":40},"end":{"line":63,"column":9}},"line":61}},"branchMap":{"0":{"loc":{"start":{"line":35,"column":24},"end":{"line":35,"column":47}},"type":"binary-expr","locations":[{"start":{"line":35,"column":24},"end":{"line":35,"column":34}},{"start":{"line":35,"column":38},"end":{"line":35,"column":47}}],"line":35}},"s":{"0":0,"1":0,"2":0,"3":0,"4":0,"5":0,"6":0,"7":0,"8":0,"9":0,"10":0,"11":0,"12":0,"13":0,"14":0,"15":0,"16":0,"17":0,"18":0,"19":0,"20":0,"21":0,"22":0,"23":0,"24":0,"25":0},"f":{"0":0,"1":0,"2":0},"b":{"0":[0,0]}}
,"/Users/flobertjohnson/Documents/Mastere2/Projet_Finale_Master2_SportAndNutrition_mobileApp/mobileApp/SparkFit/MVP/sparkfit_backend/src/middlewares/errorHandler.js": {"path":"/Users/flobertjohnson/Documents/Mastere2/Projet_Finale_Master2_SportAndNutrition_mobileApp/mobileApp/SparkFit/MVP/sparkfit_backend/src/middlewares/errorHandler.js","statementMap":{"0":{"start":{"line":1,"column":18},"end":{"line":1,"column":47}},"1":{"start":{"line":2,"column":45},"end":{"line":2,"column":66}},"2":{"start":{"line":5,"column":16},"end":{"line":12,"column":2}},"3":{"start":{"line":10,"column":8},"end":{"line":10,"column":45}},"4":{"start":{"line":15,"column":21},"end":{"line":28,"column":1}},"5":{"start":{"line":16,"column":23},"end":{"line":16,"column":44}},"6":{"start":{"line":19,"column":4},"end":{"line":21,"column":5}},"7":{"start":{"line":20,"column":8},"end":{"line":20,"column":49}},"8":{"start":{"line":23,"column":4},"end":{"line":27,"column":7}},"9":{"start":{"line":30,"column":0},"end":{"line":33,"column":2}}},"fnMap":{"0":{"name":"(anonymous_0)","decl":{"start":{"line":9,"column":20},"end":{"line":9,"column":21}},"loc":{"start":{"line":9,"column":43},"end":{"line":11,"column":5}},"line":9},"1":{"name":"(anonymous_1)","decl":{"start":{"line":15,"column":21},"end":{"line":15,"column":22}},"loc":{"start":{"line":15,"column":46},"end":{"line":28,"column":1}},"line":15}},"branchMap":{"0":{"loc":{"start":{"line":16,"column":23},"end":{"line":16,"column":44}},"type":"binary-expr","locations":[{"start":{"line":16,"column":23},"end":{"line":16,"column":37}},{"start":{"line":16,"column":41},"end":{"line":16,"column":44}}],"line":16},"1":{"loc":{"start":{"line":19,"column":4},"end":{"line":21,"column":5}},"type":"if","locations":[{"start":{"line":19,"column":4},"end":{"line":21,"column":5}},{"start":{},"end":{}}],"line":19},"2":{"loc":{"start":{"line":25,"column":17},"end":{"line":25,"column":57}},"type":"binary-expr","locations":[{"start":{"line":25,"column":17},"end":{"line":25,"column":28}},{"start":{"line":25,"column":32},"end":{"line":25,"column":57}}],"line":25},"3":{"loc":{"start":{"line":26,"column":15},"end":{"line":26,"column":77}},"type":"cond-expr","locations":[{"start":{"line":26,"column":56},"end":{"line":26,"column":65}},{"start":{"line":26,"column":68},"end":{"line":26,"column":77}}],"line":26}},"s":{"0":0,"1":0,"2":0,"3":0,"4":0,"5":0,"6":0,"7":0,"8":0,"9":0},"f":{"0":0,"1":0},"b":{"0":[0,0],"1":[0,0],"2":[0,0],"3":[0,0]}}
,"/Users/flobertjohnson/Documents/Mastere2/Projet_Finale_Master2_SportAndNutrition_mobileApp/mobileApp/SparkFit/MVP/sparkfit_backend/src/middlewares/performanceMetrics.js": {"path":"/Users/flobertjohnson/Documents/Mastere2/Projet_Finale_Master2_SportAndNutrition_mobileApp/mobileApp/SparkFit/MVP/sparkfit_backend/src/middlewares/performanceMetrics.js","statementMap":{"0":{"start":{"line":1,"column":31},"end":{"line":1,"column":71}},"1":{"start":{"line":3,"column":37},"end":{"line":36,"column":1}},"2":{"start":{"line":5,"column":4},"end":{"line":5,"column":69}},"3":{"start":{"line":8,"column":18},"end":{"line":8,"column":34}},"4":{"start":{"line":11,"column":4},"end":{"line":33,"column":7}},"5":{"start":{"line":13,"column":8},"end":{"line":13,"column":73}},"6":{"start":{"line":16,"column":25},"end":{"line":16,"column":46}},"7":{"start":{"line":17,"column":32},"end":{"line":17,"column":63}},"8":{"start":{"line":20,"column":8},"end":{"line":23,"column":28}},"9":{"start":{"line":26,"column":8},"end":{"line":32,"column":13}},"10":{"start":{"line":27,"column":12},"end":{"line":31,"column":15}},"11":{"start":{"line":35,"column":4},"end":{"line":35,"column":11}},"12":{"start":{"line":38,"column":0},"end":{"line":38,"column":46}}},"fnMap":{"0":{"name":"(anonymous_0)","decl":{"start":{"line":3,"column":37},"end":{"line":3,"column":38}},"loc":{"start":{"line":3,"column":57},"end":{"line":36,"column":1}},"line":3},"1":{"name":"(anonymous_1)","decl":{"start":{"line":11,"column":21},"end":{"line":11,"column":22}},"loc":{"start":{"line":11,"column":27},"end":{"line":33,"column":5}},"line":11}},"branchMap":{"0":{"loc":{"start":{"line":26,"column":8},"end":{"line":32,"column":13}},"type":"if","locations":[{"start":{"line":26,"column":8},"end":{"line":32,"column":13}},{"start":{},"end":{}}],"line":26}},"s":{"0":0,"1":0,"2":0,"3":0,"4":0,"5":0,"6":0,"7":0,"8":0,"9":0,"10":0,"11":0,"12":0},"f":{"0":0,"1":0},"b":{"0":[0,0]}}
,"/Users/flobertjohnson/Documents/Mastere2/Projet_Finale_Master2_SportAndNutrition_mobileApp/mobileApp/SparkFit/MVP/sparkfit_backend/src/routes/auth.route.js": {"path":"/Users/flobertjohnson/Documents/Mastere2/Projet_Finale_Master2_SportAndNutrition_mobileApp/mobileApp/SparkFit/MVP/sparkfit_backend/src/routes/auth.route.js","statementMap":{"0":{"start":{"line":127,"column":16},"end":{"line":127,"column":34}},"1":{"start":{"line":128,"column":15},"end":{"line":128,"column":31}},"2":{"start":{"line":129,"column":24},"end":{"line":129,"column":66}},"3":{"start":{"line":130,"column":27},"end":{"line":130,"column":72}},"4":{"start":{"line":131,"column":17},"end":{"line":131,"column":51}},"5":{"start":{"line":133,"column":0},"end":{"line":133,"column":45}},"6":{"start":{"line":134,"column":0},"end":{"line":134,"column":54}},"7":{"start":{"line":135,"column":0},"end":{"line":135,"column":57}},"8":{"start":{"line":137,"column":0},"end":{"line":137,"column":24}}},"fnMap":{},"branchMap":{},"s":{"0":0,"1":0,"2":0,"3":0,"4":0,"5":0,"6":0,"7":0,"8":0},"f":{},"b":{}}
,"/Users/flobertjohnson/Documents/Mastere2/Projet_Finale_Master2_SportAndNutrition_mobileApp/mobileApp/SparkFit/MVP/sparkfit_backend/src/routes/index.js": {"path":"/Users/flobertjohnson/Documents/Mastere2/Projet_Finale_Master2_SportAndNutrition_mobileApp/mobileApp/SparkFit/MVP/sparkfit_backend/src/routes/index.js","statementMap":{"0":{"start":{"line":1,"column":16},"end":{"line":1,"column":34}},"1":{"start":{"line":2,"column":15},"end":{"line":2,"column":31}},"2":{"start":{"line":3,"column":21},"end":{"line":3,"column":42}},"3":{"start":{"line":5,"column":18},"end":{"line":5,"column":41}},"4":{"start":{"line":6,"column":18},"end":{"line":6,"column":41}},"5":{"start":{"line":7,"column":25},"end":{"line":7,"column":51}},"6":{"start":{"line":8,"column":21},"end":{"line":8,"column":47}},"7":{"start":{"line":10,"column":0},"end":{"line":10,"column":27}},"8":{"start":{"line":11,"column":0},"end":{"line":11,"column":31}},"9":{"start":{"line":12,"column":0},"end":{"line":12,"column":31}},"10":{"start":{"line":13,"column":0},"end":{"line":13,"column":38}},"11":{"start":{"line":14,"column":0},"end":{"line":14,"column":38}},"12":{"start":{"line":17,"column":0},"end":{"line":24,"column":3}},"13":{"start":{"line":18,"column":4},"end":{"line":23,"column":5}},"14":{"start":{"line":19,"column":8},"end":{"line":19,"column":54}},"15":{"start":{"line":20,"column":8},"end":{"line":20,"column":42}},"16":{"start":{"line":22,"column":8},"end":{"line":22,"column":33}},"17":{"start":{"line":26,"column":0},"end":{"line":26,"column":24}}},"fnMap":{"0":{"name":"(anonymous_0)","decl":{"start":{"line":17,"column":23},"end":{"line":17,"column":24}},"loc":{"start":{"line":17,"column":43},"end":{"line":24,"column":1}},"line":17}},"branchMap":{},"s":{"0":0,"1":0,"2":0,"3":0,"4":0,"5":0,"6":0,"7":0,"8":0,"9":0,"10":0,"11":0,"12":0,"13":0,"14":0,"15":0,"16":0,"17":0},"f":{"0":0},"b":{}}
,"/Users/flobertjohnson/Documents/Mastere2/Projet_Finale_Master2_SportAndNutrition_mobileApp/mobileApp/SparkFit/MVP/sparkfit_backend/src/routes/profile.route.js": {"path":"/Users/flobertjohnson/Documents/Mastere2/Projet_Finale_Master2_SportAndNutrition_mobileApp/mobileApp/SparkFit/MVP/sparkfit_backend/src/routes/profile.route.js","statementMap":{"0":{"start":{"line":1,"column":16},"end":{"line":1,"column":34}},"1":{"start":{"line":2,"column":15},"end":{"line":2,"column":52}},"2":{"start":{"line":3,"column":17},"end":{"line":3,"column":51}},"3":{"start":{"line":4,"column":26},"end":{"line":4,"column":70}},"4":{"start":{"line":10,"column":0},"end":{"line":10,"column":75}},"5":{"start":{"line":11,"column":0},"end":{"line":11,"column":79}},"6":{"start":{"line":13,"column":0},"end":{"line":13,"column":24}},"7":{"start":{"line":74,"column":0},"end":{"line":74,"column":24}}},"fnMap":{},"branchMap":{},"s":{"0":0,"1":0,"2":0,"3":0,"4":0,"5":0,"6":0,"7":0},"f":{},"b":{}}
,"/Users/flobertjohnson/Documents/Mastere2/Projet_Finale_Master2_SportAndNutrition_mobileApp/mobileApp/SparkFit/MVP/sparkfit_backend/src/routes/user.route.js": {"path":"/Users/flobertjohnson/Documents/Mastere2/Projet_Finale_Master2_SportAndNutrition_mobileApp/mobileApp/SparkFit/MVP/sparkfit_backend/src/routes/user.route.js","statementMap":{"0":{"start":{"line":1,"column":16},"end":{"line":1,"column":34}},"1":{"start":{"line":2,"column":15},"end":{"line":2,"column":31}},"2":{"start":{"line":3,"column":17},"end":{"line":3,"column":51}},"3":{"start":{"line":4,"column":23},"end":{"line":4,"column":64}},"4":{"start":{"line":9,"column":0},"end":{"line":9,"column":54}},"5":{"start":{"line":10,"column":0},"end":{"line":10,"column":53}},"6":{"start":{"line":11,"column":0},"end":{"line":11,"column":56}},"7":{"start":{"line":12,"column":0},"end":{"line":12,"column":59}},"8":{"start":{"line":13,"column":0},"end":{"line":13,"column":55}},"9":{"start":{"line":25,"column":0},"end":{"line":25,"column":24}},"10":{"start":{"line":133,"column":0},"end":{"line":133,"column":24}}},"fnMap":{},"branchMap":{},"s":{"0":0,"1":0,"2":0,"3":0,"4":0,"5":0,"6":0,"7":0,"8":0,"9":0,"10":0},"f":{},"b":{}}
,"/Users/flobertjohnson/Documents/Mastere2/Projet_Finale_Master2_SportAndNutrition_mobileApp/mobileApp/SparkFit/MVP/sparkfit_backend/src/routes/workout.route.js": {"path":"/Users/flobertjohnson/Documents/Mastere2/Projet_Finale_Master2_SportAndNutrition_mobileApp/mobileApp/SparkFit/MVP/sparkfit_backend/src/routes/workout.route.js","statementMap":{"0":{"start":{"line":1,"column":16},"end":{"line":1,"column":34}},"1":{"start":{"line":2,"column":15},"end":{"line":2,"column":31}},"2":{"start":{"line":3,"column":17},"end":{"line":3,"column":51}},"3":{"start":{"line":4,"column":26},"end":{"line":4,"column":70}},"4":{"start":{"line":6,"column":0},"end":{"line":6,"column":74}},"5":{"start":{"line":7,"column":0},"end":{"line":7,"column":56}},"6":{"start":{"line":8,"column":0},"end":{"line":8,"column":63}},"7":{"start":{"line":9,"column":0},"end":{"line":9,"column":59}},"8":{"start":{"line":10,"column":0},"end":{"line":10,"column":62}},"9":{"start":{"line":11,"column":0},"end":{"line":11,"column":65}},"10":{"start":{"line":12,"column":0},"end":{"line":12,"column":24}}},"fnMap":{},"branchMap":{},"s":{"0":0,"1":0,"2":0,"3":0,"4":0,"5":0,"6":0,"7":0,"8":0,"9":0,"10":0},"f":{},"b":{}}
,"/Users/flobertjohnson/Documents/Mastere2/Projet_Finale_Master2_SportAndNutrition_mobileApp/mobileApp/SparkFit/MVP/sparkfit_backend/src/utils/logger.js": {"path":"/Users/flobertjohnson/Documents/Mastere2/Projet_Finale_Master2_SportAndNutrition_mobileApp/mobileApp/SparkFit/MVP/sparkfit_backend/src/utils/logger.js","statementMap":{"0":{"start":{"line":1,"column":45},"end":{"line":1,"column":63}},"1":{"start":{"line":2,"column":39},"end":{"line":2,"column":45}},"2":{"start":{"line":3,"column":11},"end":{"line":3,"column":24}},"3":{"start":{"line":4,"column":13},"end":{"line":4,"column":28}},"4":{"start":{"line":6,"column":20},"end":{"line":6,"column":58}},"5":{"start":{"line":7,"column":15},"end":{"line":7,"column":21}},"6":{"start":{"line":8,"column":0},"end":{"line":10,"column":1}},"7":{"start":{"line":9,"column":2},"end":{"line":9,"column":23}},"8":{"start":{"line":12,"column":18},"end":{"line":14,"column":2}},"9":{"start":{"line":13,"column":2},"end":{"line":13,"column":61}},"10":{"start":{"line":16,"column":15},"end":{"line":26,"column":2}},"11":{"start":{"line":28,"column":0},"end":{"line":28,"column":24}}},"fnMap":{"0":{"name":"(anonymous_0)","decl":{"start":{"line":12,"column":25},"end":{"line":12,"column":26}},"loc":{"start":{"line":12,"column":60},"end":{"line":14,"column":1}},"line":12}},"branchMap":{"0":{"loc":{"start":{"line":8,"column":0},"end":{"line":10,"column":1}},"type":"if","locations":[{"start":{"line":8,"column":0},"end":{"line":10,"column":1}},{"start":{},"end":{}}],"line":8}},"s":{"0":0,"1":0,"2":0,"3":0,"4":0,"5":0,"6":0,"7":0,"8":0,"9":0,"10":0,"11":0},"f":{"0":0},"b":{"0":[0,0]}}
,"/Users/flobertjohnson/Documents/Mastere2/Projet_Finale_Master2_SportAndNutrition_mobileApp/mobileApp/SparkFit/MVP/sparkfit_backend/src/utils/swagger.js": {"path":"/Users/flobertjohnson/Documents/Mastere2/Projet_Finale_Master2_SportAndNutrition_mobileApp/mobileApp/SparkFit/MVP/sparkfit_backend/src/utils/swagger.js","statementMap":{"0":{"start":{"line":1,"column":21},"end":{"line":1,"column":45}},"1":{"start":{"line":3,"column":16},"end":{"line":27,"column":3}},"2":{"start":{"line":29,"column":14},"end":{"line":29,"column":35}},"3":{"start":{"line":30,"column":0},"end":{"line":30,"column":23}}},"fnMap":{},"branchMap":{},"s":{"0":0,"1":0,"2":0,"3":0},"f":{},"b":{}}
}
