TN:
SF:src/app.js
FN:31,(anonymous_0)
FN:34,(anonymous_1)
FN:45,(anonymous_2)
FNF:3
FNH:0
FNDA:0,(anonymous_0)
FNDA:0,(anonymous_1)
FNDA:0,(anonymous_2)
DA:1,0
DA:2,0
DA:3,0
DA:4,0
DA:5,0
DA:6,0
DA:7,0
DA:8,0
DA:10,0
DA:13,0
DA:14,0
DA:17,0
DA:20,0
DA:23,0
DA:26,0
DA:29,0
DA:30,0
DA:32,0
DA:35,0
DA:36,0
DA:40,0
DA:43,0
DA:44,0
DA:45,0
DA:46,0
LF:25
LH:0
BRDA:43,0,0,0
BRDA:43,0,1,0
BRDA:44,1,0,0
BRDA:44,1,1,0
BRF:4
BRH:0
end_of_record
TN:
SF:src/metrics.js
FNF:0
FNH:0
DA:1,0
DA:4,0
DA:7,0
DA:14,0
DA:43,0
DA:71,0
DA:99,0
DA:125,0
LF:8
LH:0
BRF:0
BRH:0
end_of_record
TN:
SF:src/postgresConnection.js
FN:15,(anonymous_0)
FN:18,(anonymous_1)
FNF:2
FNH:0
FNDA:0,(anonymous_0)
FNDA:0,(anonymous_1)
DA:1,0
DA:2,0
DA:5,0
DA:14,0
DA:16,0
DA:19,0
DA:22,0
LF:7
LH:0
BRF:0
BRH:0
end_of_record
TN:
SF:src/testConnection.js
FN:3,testConnection
FN:21,(anonymous_1)
FNF:2
FNH:0
FNDA:0,testConnection
FNDA:0,(anonymous_1)
DA:1,0
DA:4,0
DA:6,0
DA:7,0
DA:10,0
DA:11,0
DA:12,0
DA:15,0
DA:20,0
DA:21,0
DA:24,0
DA:26,0
DA:27,0
DA:31,0
LF:14
LH:0
BRF:0
BRH:0
end_of_record
TN:
SF:src/controllers/login.controller.js
FN:11,(anonymous_0)
FN:73,(anonymous_1)
FN:97,(anonymous_2)
FN:99,(anonymous_3)
FNF:4
FNH:0
FNDA:0,(anonymous_0)
FNDA:0,(anonymous_1)
FNDA:0,(anonymous_2)
FNDA:0,(anonymous_3)
DA:1,0
DA:2,0
DA:3,0
DA:4,0
DA:5,0
DA:6,0
DA:9,0
DA:11,0
DA:12,0
DA:14,0
DA:15,0
DA:21,0
DA:22,0
DA:26,0
DA:27,0
DA:33,0
DA:34,0
DA:35,0
DA:42,0
DA:54,0
DA:55,0
DA:56,0
DA:59,0
DA:65,0
DA:66,0
DA:73,0
DA:74,0
DA:75,0
DA:78,0
DA:79,0
DA:80,0
DA:83,0
DA:88,0
DA:89,0
DA:97,0
DA:98,0
DA:99,0
DA:100,0
DA:101,0
DA:102,0
DA:108,0
LF:41
LH:0
BRDA:14,0,0,0
BRDA:14,0,1,0
BRDA:14,1,0,0
BRDA:14,1,1,0
BRDA:14,2,0,0
BRDA:14,2,1,0
BRDA:26,3,0,0
BRDA:26,3,1,0
BRDA:34,4,0,0
BRDA:34,4,1,0
BRDA:54,5,0,0
BRDA:54,5,1,0
BRDA:68,6,0,0
BRDA:68,6,1,0
BRDA:78,7,0,0
BRDA:78,7,1,0
BRDA:100,8,0,0
BRDA:100,8,1,0
BRF:18
BRH:0
end_of_record
TN:
SF:src/controllers/profile.controller.js
FN:4,(anonymous_0)
FN:44,(anonymous_1)
FN:85,(anonymous_2)
FNF:3
FNH:0
FNDA:0,(anonymous_0)
FNDA:0,(anonymous_1)
FNDA:0,(anonymous_2)
DA:1,0
DA:2,0
DA:4,0
DA:5,0
DA:6,0
DA:7,0
DA:8,0
DA:9,0
DA:10,0
DA:15,0
DA:16,0
DA:21,0
DA:24,0
DA:25,0
DA:30,0
DA:37,0
DA:44,0
DA:45,0
DA:46,0
DA:47,0
DA:48,0
DA:49,0
DA:50,0
DA:51,0
DA:56,0
DA:57,0
DA:62,0
DA:66,0
DA:67,0
DA:72,0
DA:78,0
DA:85,0
DA:86,0
DA:87,0
DA:88,0
DA:89,0
DA:90,0
DA:95,0
DA:96,0
DA:101,0
DA:102,0
DA:105,0
DA:106,0
DA:111,0
DA:117,0
LF:45
LH:0
BRDA:9,0,0,0
BRDA:9,0,1,0
BRDA:9,1,0,0
BRDA:9,1,1,0
BRDA:15,2,0,0
BRDA:15,2,1,0
BRDA:15,3,0,0
BRDA:15,3,1,0
BRDA:24,4,0,0
BRDA:24,4,1,0
BRDA:39,5,0,0
BRDA:39,5,1,0
BRDA:50,6,0,0
BRDA:50,6,1,0
BRDA:50,7,0,0
BRDA:50,7,1,0
BRDA:50,7,2,0
BRDA:56,8,0,0
BRDA:56,8,1,0
BRDA:56,9,0,0
BRDA:56,9,1,0
BRDA:66,10,0,0
BRDA:66,10,1,0
BRDA:80,11,0,0
BRDA:80,11,1,0
BRDA:89,12,0,0
BRDA:89,12,1,0
BRDA:89,13,0,0
BRDA:89,13,1,0
BRDA:95,14,0,0
BRDA:95,14,1,0
BRDA:95,15,0,0
BRDA:95,15,1,0
BRDA:105,16,0,0
BRDA:105,16,1,0
BRDA:119,17,0,0
BRDA:119,17,1,0
BRF:37
BRH:0
end_of_record
TN:
SF:src/controllers/register.controller.js
FN:6,hashPassword
FN:16,(anonymous_1)
FNF:2
FNH:0
FNDA:0,hashPassword
FNDA:0,(anonymous_1)
DA:1,0
DA:2,0
DA:3,0
DA:4,0
DA:7,0
DA:8,0
DA:9,0
DA:10,0
DA:12,0
DA:16,0
DA:17,0
DA:19,0
DA:20,0
DA:26,0
DA:28,0
DA:32,0
DA:33,0
DA:39,0
DA:40,0
DA:44,0
DA:45,0
DA:53,0
DA:54,0
DA:58,0
DA:59,0
DA:68,0
DA:86,0
DA:88,0
DA:94,0
DA:95,0
LF:30
LH:0
BRDA:19,0,0,0
BRDA:19,0,1,0
BRDA:19,1,0,0
BRDA:19,1,1,0
BRDA:19,1,2,0
BRDA:19,1,3,0
BRDA:32,2,0,0
BRDA:32,2,1,0
BRDA:39,3,0,0
BRDA:39,3,1,0
BRDA:44,4,0,0
BRDA:44,4,1,0
BRDA:53,5,0,0
BRDA:53,5,1,0
BRDA:58,6,0,0
BRDA:58,6,1,0
BRDA:71,7,0,0
BRDA:71,7,1,0
BRDA:73,8,0,0
BRDA:73,8,1,0
BRDA:74,9,0,0
BRDA:74,9,1,0
BRDA:75,10,0,0
BRDA:75,10,1,0
BRDA:77,11,0,0
BRDA:77,11,1,0
BRDA:97,12,0,0
BRDA:97,12,1,0
BRF:28
BRH:0
end_of_record
TN:
SF:src/controllers/user.controller.js
FN:4,(anonymous_0)
FN:38,(anonymous_1)
FN:81,(anonymous_2)
FN:182,(anonymous_3)
FN:228,(anonymous_4)
FNF:5
FNH:0
FNDA:0,(anonymous_0)
FNDA:0,(anonymous_1)
FNDA:0,(anonymous_2)
FNDA:0,(anonymous_3)
FNDA:0,(anonymous_4)
DA:1,0
DA:2,0
DA:4,0
DA:5,0
DA:6,0
DA:11,0
DA:12,0
DA:19,0
DA:20,0
DA:25,0
DA:31,0
DA:38,0
DA:39,0
DA:40,0
DA:41,0
DA:42,0
DA:43,0
DA:48,0
DA:49,0
DA:54,0
DA:61,0
DA:62,0
DA:67,0
DA:74,0
DA:81,0
DA:82,0
DA:83,0
DA:84,0
DA:85,0
DA:86,0
DA:87,0
DA:88,0
DA:89,0
DA:90,0
DA:92,0
DA:93,0
DA:99,0
DA:100,0
DA:105,0
DA:106,0
DA:111,0
DA:112,0
DA:117,0
DA:120,0
DA:121,0
DA:122,0
DA:130,0
DA:138,0
DA:139,0
DA:147,0
DA:148,0
DA:155,0
DA:163,0
DA:164,0
DA:169,0
DA:175,0
DA:182,0
DA:183,0
DA:184,0
DA:185,0
DA:186,0
DA:191,0
DA:192,0
DA:197,0
DA:198,0
DA:201,0
DA:204,0
DA:207,0
DA:208,0
DA:213,0
DA:221,0
DA:228,0
DA:229,0
DA:230,0
DA:231,0
DA:232,0
DA:237,0
DA:238,0
DA:245,0
DA:246,0
DA:252,0
DA:258,0
LF:82
LH:0
BRDA:5,0,0,0
BRDA:5,0,1,0
BRDA:19,1,0,0
BRDA:19,1,1,0
BRDA:33,2,0,0
BRDA:33,2,1,0
BRDA:42,3,0,0
BRDA:42,3,1,0
BRDA:42,4,0,0
BRDA:42,4,1,0
BRDA:48,5,0,0
BRDA:48,5,1,0
BRDA:48,6,0,0
BRDA:48,6,1,0
BRDA:61,7,0,0
BRDA:61,7,1,0
BRDA:76,8,0,0
BRDA:76,8,1,0
BRDA:92,9,0,0
BRDA:92,9,1,0
BRDA:92,10,0,0
BRDA:92,10,1,0
BRDA:92,10,2,0
BRDA:99,11,0,0
BRDA:99,11,1,0
BRDA:99,12,0,0
BRDA:99,12,1,0
BRDA:105,13,0,0
BRDA:105,13,1,0
BRDA:111,14,0,0
BRDA:111,14,1,0
BRDA:120,15,0,0
BRDA:120,15,1,0
BRDA:120,16,0,0
BRDA:120,16,1,0
BRDA:121,17,0,0
BRDA:121,17,1,0
BRDA:121,18,0,0
BRDA:121,18,1,0
BRDA:121,18,2,0
BRDA:124,19,0,0
BRDA:124,19,1,0
BRDA:125,20,0,0
BRDA:125,20,1,0
BRDA:138,21,0,0
BRDA:138,21,1,0
BRDA:147,22,0,0
BRDA:147,22,1,0
BRDA:163,23,0,0
BRDA:163,23,1,0
BRDA:177,24,0,0
BRDA:177,24,1,0
BRDA:185,25,0,0
BRDA:185,25,1,0
BRDA:185,26,0,0
BRDA:185,26,1,0
BRDA:191,27,0,0
BRDA:191,27,1,0
BRDA:191,28,0,0
BRDA:191,28,1,0
BRDA:207,29,0,0
BRDA:207,29,1,0
BRDA:223,30,0,0
BRDA:223,30,1,0
BRDA:231,31,0,0
BRDA:231,31,1,0
BRDA:245,32,0,0
BRDA:245,32,1,0
BRDA:260,33,0,0
BRDA:260,33,1,0
BRF:70
BRH:0
end_of_record
TN:
SF:src/controllers/workout.controller.js
FN:5,(anonymous_0)
FN:19,(anonymous_1)
FN:20,(anonymous_2)
FN:95,(anonymous_3)
FN:186,(anonymous_4)
FN:223,(anonymous_5)
FN:263,(anonymous_6)
FN:304,(anonymous_7)
FN:351,(anonymous_8)
FN:372,(anonymous_9)
FN:432,(anonymous_10)
FNF:11
FNH:0
FNDA:0,(anonymous_0)
FNDA:0,(anonymous_1)
FNDA:0,(anonymous_2)
FNDA:0,(anonymous_3)
FNDA:0,(anonymous_4)
FNDA:0,(anonymous_5)
FNDA:0,(anonymous_6)
FNDA:0,(anonymous_7)
FNDA:0,(anonymous_8)
FNDA:0,(anonymous_9)
FNDA:0,(anonymous_10)
DA:1,0
DA:2,0
DA:3,0
DA:5,0
DA:6,0
DA:7,0
DA:10,0
DA:12,0
DA:14,0
DA:15,0
DA:16,0
DA:19,0
DA:20,0
DA:46,0
DA:75,0
DA:78,0
DA:86,0
DA:88,0
DA:89,0
DA:95,0
DA:121,0
DA:142,0
DA:143,0
DA:144,0
DA:146,0
DA:147,0
DA:151,0
DA:152,0
DA:153,0
DA:156,0
DA:158,0
DA:166,0
DA:173,0
DA:175,0
DA:176,0
DA:186,0
DA:187,0
DA:188,0
DA:193,0
DA:194,0
DA:204,0
DA:205,0
DA:210,0
DA:216,0
DA:223,0
DA:224,0
DA:225,0
DA:226,0
DA:227,0
DA:232,0
DA:243,0
DA:244,0
DA:249,0
DA:256,0
DA:263,0
DA:264,0
DA:265,0
DA:266,0
DA:267,0
DA:269,0
DA:270,0
DA:277,0
DA:282,0
DA:283,0
DA:289,0
DA:290,0
DA:297,0
DA:302,0
DA:303,0
DA:304,0
DA:314,0
DA:315,0
DA:316,0
DA:317,0
DA:319,0
DA:332,0
DA:333,0
DA:339,0
DA:351,0
DA:352,0
DA:353,0
DA:354,0
DA:357,0
DA:364,0
DA:365,0
DA:372,0
DA:373,0
DA:374,0
DA:376,0
DA:377,0
DA:383,0
DA:385,0
DA:389,0
DA:390,0
DA:396,0
DA:397,0
DA:404,0
DA:409,0
DA:413,0
DA:423,0
DA:424,0
DA:432,0
DA:433,0
DA:434,0
DA:435,0
DA:448,0
DA:449,0
DA:454,0
DA:460,0
LF:109
LH:0
BRDA:14,0,0,0
BRDA:14,0,1,0
BRDA:14,1,0,0
BRDA:14,1,1,0
BRDA:20,2,0,0
BRDA:20,2,1,0
BRDA:21,3,0,0
BRDA:21,3,1,0
BRDA:22,4,0,0
BRDA:22,4,1,0
BRDA:23,5,0,0
BRDA:23,5,1,0
BRDA:33,6,0,0
BRDA:33,6,1,0
BRDA:38,7,0,0
BRDA:38,7,1,0
BRDA:39,8,0,0
BRDA:39,8,1,0
BRDA:40,9,0,0
BRDA:40,9,1,0
BRDA:51,10,0,0
BRDA:51,10,1,0
BRDA:52,11,0,0
BRDA:52,11,1,0
BRDA:88,12,0,0
BRDA:88,12,1,0
BRDA:88,13,0,0
BRDA:88,13,1,0
BRDA:95,14,0,0
BRDA:95,14,1,0
BRDA:96,15,0,0
BRDA:96,15,1,0
BRDA:97,16,0,0
BRDA:97,16,1,0
BRDA:98,17,0,0
BRDA:98,17,1,0
BRDA:108,18,0,0
BRDA:108,18,1,0
BRDA:113,19,0,0
BRDA:113,19,1,0
BRDA:114,20,0,0
BRDA:114,20,1,0
BRDA:115,21,0,0
BRDA:115,21,1,0
BRDA:126,22,0,0
BRDA:126,22,1,0
BRDA:127,23,0,0
BRDA:127,23,1,0
BRDA:143,24,0,0
BRDA:143,24,1,0
BRDA:146,25,0,0
BRDA:146,25,1,0
BRDA:169,26,0,0
BRDA:169,26,1,0
BRDA:187,27,0,0
BRDA:187,27,1,0
BRDA:204,28,0,0
BRDA:204,28,1,0
BRDA:218,29,0,0
BRDA:218,29,1,0
BRDA:226,30,0,0
BRDA:226,30,1,0
BRDA:243,31,0,0
BRDA:243,31,1,0
BRDA:258,32,0,0
BRDA:258,32,1,0
BRDA:269,33,0,0
BRDA:269,33,1,0
BRDA:282,34,0,0
BRDA:282,34,1,0
BRDA:289,35,0,0
BRDA:289,35,1,0
BRDA:289,36,0,0
BRDA:289,36,1,0
BRDA:303,37,0,0
BRDA:303,37,1,0
BRDA:303,38,0,0
BRDA:303,38,1,0
BRDA:315,39,0,0
BRDA:315,39,1,0
BRDA:316,40,0,0
BRDA:316,40,1,0
BRDA:317,41,0,0
BRDA:317,41,1,0
BRDA:332,42,0,0
BRDA:332,42,1,0
BRDA:353,43,0,0
BRDA:353,43,1,0
BRDA:367,44,0,0
BRDA:367,44,1,0
BRDA:376,45,0,0
BRDA:376,45,1,0
BRDA:389,46,0,0
BRDA:389,46,1,0
BRDA:396,47,0,0
BRDA:396,47,1,0
BRDA:396,48,0,0
BRDA:396,48,1,0
BRDA:426,49,0,0
BRDA:426,49,1,0
BRDA:448,50,0,0
BRDA:448,50,1,0
BRDA:462,51,0,0
BRDA:462,51,1,0
BRF:104
BRH:0
end_of_record
TN:
SF:src/metrics/dbMetrics.js
FNF:0
FNH:0
DA:1,0
DA:2,0
DA:5,0
DA:54,0
LF:4
LH:0
BRF:0
BRH:0
end_of_record
TN:
SF:src/metrics/performanceMetrics.js
FNF:0
FNH:0
DA:1,0
DA:2,0
DA:5,0
DA:72,0
LF:4
LH:0
BRF:0
BRH:0
end_of_record
TN:
SF:src/metrics/workoutMetrics.js
FNF:0
FNH:0
DA:1,0
DA:2,0
DA:5,0
DA:32,0
LF:4
LH:0
BRF:0
BRH:0
end_of_record
TN:
SF:src/middlewares/checkJWT.js
FN:3,(anonymous_0)
FN:31,(anonymous_1)
FNF:2
FNH:0
FNDA:0,(anonymous_0)
FNDA:0,(anonymous_1)
DA:1,0
DA:3,0
DA:4,0
DA:6,0
DA:7,0
DA:13,0
DA:15,0
DA:16,0
DA:22,0
DA:24,0
DA:25,0
DA:31,0
DA:32,0
DA:33,0
DA:39,0
DA:40,0
LF:16
LH:0
BRDA:6,0,0,0
BRDA:6,0,1,0
BRDA:15,1,0,0
BRDA:15,1,1,0
BRDA:24,2,0,0
BRDA:24,2,1,0
BRDA:32,3,0,0
BRDA:32,3,1,0
BRF:8
BRH:0
end_of_record
TN:
SF:src/middlewares/dbMetrics.js
FN:8,(anonymous_0)
FN:42,updateDBSizeMetrics
FN:61,(anonymous_2)
FNF:3
FNH:0
FNDA:0,(anonymous_0)
FNDA:0,updateDBSizeMetrics
FNDA:0,(anonymous_2)
DA:1,0
DA:2,0
DA:5,0
DA:8,0
DA:9,0
DA:11,0
DA:13,0
DA:19,0
DA:22,0
DA:23,0
DA:24,0
DA:29,0
DA:32,0
DA:37,0
DA:43,0
DA:45,0
DA:48,0
DA:51,0
DA:61,0
DA:62,0
DA:66,0
DA:71,0
DA:74,0
DA:79,0
DA:82,0
DA:84,0
LF:26
LH:0
BRDA:35,0,0,0
BRDA:35,0,1,0
BRF:2
BRH:0
end_of_record
TN:
SF:src/middlewares/errorHandler.js
FN:9,(anonymous_0)
FN:15,(anonymous_1)
FNF:2
FNH:0
FNDA:0,(anonymous_0)
FNDA:0,(anonymous_1)
DA:1,0
DA:2,0
DA:5,0
DA:10,0
DA:15,0
DA:16,0
DA:19,0
DA:20,0
DA:23,0
DA:30,0
LF:10
LH:0
BRDA:16,0,0,0
BRDA:16,0,1,0
BRDA:19,1,0,0
BRDA:19,1,1,0
BRDA:25,2,0,0
BRDA:25,2,1,0
BRDA:26,3,0,0
BRDA:26,3,1,0
BRF:8
BRH:0
end_of_record
TN:
SF:src/middlewares/performanceMetrics.js
FN:3,(anonymous_0)
FN:11,(anonymous_1)
FNF:2
FNH:0
FNDA:0,(anonymous_0)
FNDA:0,(anonymous_1)
DA:1,0
DA:3,0
DA:5,0
DA:8,0
DA:11,0
DA:13,0
DA:16,0
DA:17,0
DA:20,0
DA:26,0
DA:27,0
DA:35,0
DA:38,0
LF:13
LH:0
BRDA:26,0,0,0
BRDA:26,0,1,0
BRF:2
BRH:0
end_of_record
TN:
SF:src/routes/auth.route.js
FNF:0
FNH:0
DA:127,0
DA:128,0
DA:129,0
DA:130,0
DA:131,0
DA:133,0
DA:134,0
DA:135,0
DA:137,0
LF:9
LH:0
BRF:0
BRH:0
end_of_record
TN:
SF:src/routes/index.js
FN:17,(anonymous_0)
FNF:1
FNH:0
FNDA:0,(anonymous_0)
DA:1,0
DA:2,0
DA:3,0
DA:5,0
DA:6,0
DA:7,0
DA:8,0
DA:10,0
DA:11,0
DA:12,0
DA:13,0
DA:14,0
DA:17,0
DA:18,0
DA:19,0
DA:20,0
DA:22,0
DA:26,0
LF:18
LH:0
BRF:0
BRH:0
end_of_record
TN:
SF:src/routes/profile.route.js
FNF:0
FNH:0
DA:1,0
DA:2,0
DA:3,0
DA:4,0
DA:10,0
DA:11,0
DA:13,0
DA:74,0
LF:8
LH:0
BRF:0
BRH:0
end_of_record
TN:
SF:src/routes/user.route.js
FNF:0
FNH:0
DA:1,0
DA:2,0
DA:3,0
DA:4,0
DA:9,0
DA:10,0
DA:11,0
DA:12,0
DA:13,0
DA:25,0
DA:133,0
LF:11
LH:0
BRF:0
BRH:0
end_of_record
TN:
SF:src/routes/workout.route.js
FNF:0
FNH:0
DA:1,0
DA:2,0
DA:3,0
DA:4,0
DA:6,0
DA:7,0
DA:8,0
DA:9,0
DA:10,0
DA:11,0
DA:12,0
LF:11
LH:0
BRF:0
BRH:0
end_of_record
TN:
SF:src/utils/logger.js
FN:12,(anonymous_0)
FNF:1
FNH:0
FNDA:0,(anonymous_0)
DA:1,0
DA:2,0
DA:3,0
DA:4,0
DA:6,0
DA:7,0
DA:8,0
DA:9,0
DA:12,0
DA:13,0
DA:16,0
DA:28,0
LF:12
LH:0
BRDA:8,0,0,0
BRDA:8,0,1,0
BRF:2
BRH:0
end_of_record
TN:
SF:src/utils/swagger.js
FNF:0
FNH:0
DA:1,0
DA:3,0
DA:29,0
DA:30,0
LF:4
LH:0
BRF:0
BRH:0
end_of_record
